DEBUG - 2025-10-30 13:53:55 --> Session: Class initialized using 'CodeIgniter\Session\Handlers\FileHandler' driver.
DEBUG - 2025-10-30 13:54:03 --> Session: Class initialized using 'CodeIgniter\Session\Handlers\FileHandler' driver.
DEBUG - 2025-10-30 13:54:04 --> Session: Class initialized using 'CodeIgniter\Session\Handlers\FileHandler' driver.
DEBUG - 2025-10-30 13:54:06 --> Session: Class initialized using 'CodeIgniter\Session\Handlers\FileHandler' driver.
DEBUG - 2025-10-30 13:54:06 --> Session: Class initialized using 'CodeIgniter\Session\Handlers\FileHandler' driver.
DEBUG - 2025-10-30 13:54:45 --> Session: Class initialized using 'CodeIgniter\Session\Handlers\FileHandler' driver.
DEBUG - 2025-10-30 13:54:45 --> Session: Class initialized using 'CodeIgniter\Session\Handlers\FileHandler' driver.
DEBUG - 2025-10-30 15:51:31 --> Session: Class initialized using 'CodeIgniter\Session\Handlers\FileHandler' driver.
DEBUG - 2025-10-30 15:51:31 --> Session: Class initialized using 'CodeIgniter\Session\Handlers\FileHandler' driver.
DEBUG - 2025-10-30 15:51:33 --> Session: Class initialized using 'CodeIgniter\Session\Handlers\FileHandler' driver.
DEBUG - 2025-10-30 15:51:40 --> Session: Class initialized using 'CodeIgniter\Session\Handlers\FileHandler' driver.
DEBUG - 2025-10-30 15:51:40 --> Session: Class initialized using 'CodeIgniter\Session\Handlers\FileHandler' driver.
DEBUG - 2025-10-30 16:01:20 --> Session: Class initialized using 'CodeIgniter\Session\Handlers\FileHandler' driver.
DEBUG - 2025-10-30 16:01:28 --> Session: Class initialized using 'CodeIgniter\Session\Handlers\FileHandler' driver.
DEBUG - 2025-10-30 16:04:20 --> Session: Class initialized using 'CodeIgniter\Session\Handlers\FileHandler' driver.
DEBUG - 2025-10-30 16:04:22 --> Session: Class initialized using 'CodeIgniter\Session\Handlers\FileHandler' driver.
DEBUG - 2025-10-30 16:12:04 --> Session: Class initialized using 'CodeIgniter\Session\Handlers\FileHandler' driver.
DEBUG - 2025-10-30 16:12:06 --> Session: Class initialized using 'CodeIgniter\Session\Handlers\FileHandler' driver.
DEBUG - 2025-10-30 16:27:56 --> Session: Class initialized using 'CodeIgniter\Session\Handlers\FileHandler' driver.
DEBUG - 2025-10-30 16:27:56 --> Session: Class initialized using 'CodeIgniter\Session\Handlers\FileHandler' driver.
DEBUG - 2025-10-30 16:28:02 --> Session: Class initialized using 'CodeIgniter\Session\Handlers\FileHandler' driver.
DEBUG - 2025-10-30 16:28:02 --> Session: Class initialized using 'CodeIgniter\Session\Handlers\FileHandler' driver.
DEBUG - 2025-10-30 16:39:13 --> Session: Class initialized using 'CodeIgniter\Session\Handlers\FileHandler' driver.
ERROR - 2025-10-30 16:39:13 --> mysqli_sql_exception: Duplicate entry 'michale213' for key 'username' in C:\xampp\htdocs\barangay_system\barangay_system\system\Database\MySQLi\Connection.php:327
Stack trace:
#0 C:\xampp\htdocs\barangay_system\barangay_system\system\Database\MySQLi\Connection.php(327): mysqli->query('INSERT INTO `re...', 0)
#1 C:\xampp\htdocs\barangay_system\barangay_system\system\Database\BaseConnection.php(729): CodeIgniter\Database\MySQLi\Connection->execute('INSERT INTO `re...')
#2 C:\xampp\htdocs\barangay_system\barangay_system\system\Database\BaseConnection.php(646): CodeIgniter\Database\BaseConnection->simpleQuery('INSERT INTO `re...')
#3 C:\xampp\htdocs\barangay_system\barangay_system\system\Database\BaseBuilder.php(2345): CodeIgniter\Database\BaseConnection->query('INSERT INTO `re...', Array, false)
#4 C:\xampp\htdocs\barangay_system\barangay_system\system\Model.php(394): CodeIgniter\Database\BaseBuilder->insert()
#5 C:\xampp\htdocs\barangay_system\barangay_system\system\BaseModel.php(838): CodeIgniter\Model->doInsert(Array)
#6 C:\xampp\htdocs\barangay_system\barangay_system\system\Model.php(797): CodeIgniter\BaseModel->insert(Array, true)
#7 C:\xampp\htdocs\barangay_system\barangay_system\app\Controllers\ResidentController.php(66): CodeIgniter\Model->insert(Array)
#8 C:\xampp\htdocs\barangay_system\barangay_system\system\CodeIgniter.php(933): App\Controllers\ResidentController->store()
#9 C:\xampp\htdocs\barangay_system\barangay_system\system\CodeIgniter.php(507): CodeIgniter\CodeIgniter->runController(Object(App\Controllers\ResidentController))
#10 C:\xampp\htdocs\barangay_system\barangay_system\system\CodeIgniter.php(354): CodeIgniter\CodeIgniter->handleRequest(NULL, Object(Config\Cache), false)
#11 C:\xampp\htdocs\barangay_system\barangay_system\system\Boot.php(363): CodeIgniter\CodeIgniter->run()
#12 C:\xampp\htdocs\barangay_system\barangay_system\system\Boot.php(68): CodeIgniter\Boot::runCodeIgniter(Object(CodeIgniter\CodeIgniter))
#13 C:\xampp\htdocs\barangay_system\barangay_system\public\index.php(59): CodeIgniter\Boot::bootWeb(Object(Config\Paths))
#14 C:\xampp\htdocs\barangay_system\barangay_system\system\rewrite.php(44): require_once('C:\\xampp\\htdocs...')
#15 {main}
CRITICAL - 2025-10-30 16:39:13 --> CodeIgniter\Database\Exceptions\DatabaseException: Duplicate entry 'michale213' for key 'username'
[Method: POST, Route: admin/residents/store]
in SYSTEMPATH\Database\BaseConnection.php on line 684.
 1 SYSTEMPATH\Database\BaseBuilder.php(2345): CodeIgniter\Database\BaseConnection->query('INSERT INTO `residents` (`username`, `password`, `fname`, `middle_name`, `lname`, `birthdate`, `gender`, `civil_status`, `religion`, `is_solo_parent`, `is_registered_voter`, `is_pwd`, `is_4ps`, `contact_no`, `purok_no`, `nationality`, `photo`) VALUES (:username:, :password:, :fname:, :middle_name:, :lname:, :birthdate:, :gender:, :civil_status:, :religion:, :is_solo_parent:, :is_registered_voter:, :is_pwd:, :is_4ps:, :contact_no:, :purok_no:, :nationality:, :photo:)', [...], false)
 2 SYSTEMPATH\Model.php(394): CodeIgniter\Database\BaseBuilder->insert()
 3 SYSTEMPATH\BaseModel.php(838): CodeIgniter\Model->doInsert([...])
 4 SYSTEMPATH\Model.php(797): CodeIgniter\BaseModel->insert([...], true)
 5 APPPATH\Controllers\ResidentController.php(66): CodeIgniter\Model->insert([...])
 6 SYSTEMPATH\CodeIgniter.php(933): App\Controllers\ResidentController->store()
 7 SYSTEMPATH\CodeIgniter.php(507): CodeIgniter\CodeIgniter->runController(Object(App\Controllers\ResidentController))
 8 SYSTEMPATH\CodeIgniter.php(354): CodeIgniter\CodeIgniter->handleRequest(null, Object(Config\Cache), false)
 9 SYSTEMPATH\Boot.php(363): CodeIgniter\CodeIgniter->run()
10 SYSTEMPATH\Boot.php(68): CodeIgniter\Boot::runCodeIgniter(Object(CodeIgniter\CodeIgniter))
11 FCPATH\index.php(59): CodeIgniter\Boot::bootWeb(Object(Config\Paths))
12 SYSTEMPATH\rewrite.php(44): require_once('C:\\xampp\\htdocs\\barangay_system\\barangay_system\\public\\index.php')
CRITICAL - 2025-10-30 16:39:13 --> [Caused by] CodeIgniter\Database\Exceptions\DatabaseException: Duplicate entry 'michale213' for key 'username'
in SYSTEMPATH\Database\MySQLi\Connection.php on line 332.
 1 SYSTEMPATH\Database\BaseConnection.php(729): CodeIgniter\Database\MySQLi\Connection->execute('INSERT INTO `residents` (`username`, `password`, `fname`, `middle_name`, `lname`, `birthdate`, `gender`, `civil_status`, `religion`, `is_solo_parent`, `is_registered_voter`, `is_pwd`, `is_4ps`, `contact_no`, `purok_no`, `nationality`, `photo`) VALUES (\'michale213\', \'$2y$10$CW.7ewnfpLCJrGZWAzPOlu5BRrIXkzJyEMHnobiYeifuvdSYquSMO\', \'michael\', \'jordan\', \'jennings\', \'2025-10-01\', \'Male\', \'Single\', \'Roman Catholic\', \'1\', \'1\', \'1\', \'1\', \'0973477342\', \'5\', \'Filipino\', \'1761842353_e0ebf71e7b6b9ce656e1.jpeg\')')
 2 SYSTEMPATH\Database\BaseConnection.php(646): CodeIgniter\Database\BaseConnection->simpleQuery('INSERT INTO `residents` (`username`, `password`, `fname`, `middle_name`, `lname`, `birthdate`, `gender`, `civil_status`, `religion`, `is_solo_parent`, `is_registered_voter`, `is_pwd`, `is_4ps`, `contact_no`, `purok_no`, `nationality`, `photo`) VALUES (\'michale213\', \'$2y$10$CW.7ewnfpLCJrGZWAzPOlu5BRrIXkzJyEMHnobiYeifuvdSYquSMO\', \'michael\', \'jordan\', \'jennings\', \'2025-10-01\', \'Male\', \'Single\', \'Roman Catholic\', \'1\', \'1\', \'1\', \'1\', \'0973477342\', \'5\', \'Filipino\', \'1761842353_e0ebf71e7b6b9ce656e1.jpeg\')')
 3 SYSTEMPATH\Database\BaseBuilder.php(2345): CodeIgniter\Database\BaseConnection->query('INSERT INTO `residents` (`username`, `password`, `fname`, `middle_name`, `lname`, `birthdate`, `gender`, `civil_status`, `religion`, `is_solo_parent`, `is_registered_voter`, `is_pwd`, `is_4ps`, `contact_no`, `purok_no`, `nationality`, `photo`) VALUES (:username:, :password:, :fname:, :middle_name:, :lname:, :birthdate:, :gender:, :civil_status:, :religion:, :is_solo_parent:, :is_registered_voter:, :is_pwd:, :is_4ps:, :contact_no:, :purok_no:, :nationality:, :photo:)', [...], false)
 4 SYSTEMPATH\Model.php(394): CodeIgniter\Database\BaseBuilder->insert()
 5 SYSTEMPATH\BaseModel.php(838): CodeIgniter\Model->doInsert([...])
 6 SYSTEMPATH\Model.php(797): CodeIgniter\BaseModel->insert([...], true)
 7 APPPATH\Controllers\ResidentController.php(66): CodeIgniter\Model->insert([...])
 8 SYSTEMPATH\CodeIgniter.php(933): App\Controllers\ResidentController->store()
 9 SYSTEMPATH\CodeIgniter.php(507): CodeIgniter\CodeIgniter->runController(Object(App\Controllers\ResidentController))
10 SYSTEMPATH\CodeIgniter.php(354): CodeIgniter\CodeIgniter->handleRequest(null, Object(Config\Cache), false)
11 SYSTEMPATH\Boot.php(363): CodeIgniter\CodeIgniter->run()
12 SYSTEMPATH\Boot.php(68): CodeIgniter\Boot::runCodeIgniter(Object(CodeIgniter\CodeIgniter))
13 FCPATH\index.php(59): CodeIgniter\Boot::bootWeb(Object(Config\Paths))
14 SYSTEMPATH\rewrite.php(44): require_once('C:\\xampp\\htdocs\\barangay_system\\barangay_system\\public\\index.php')
CRITICAL - 2025-10-30 16:39:13 --> [Caused by] mysqli_sql_exception: Duplicate entry 'michale213' for key 'username'
in SYSTEMPATH\Database\MySQLi\Connection.php on line 327.
 1 SYSTEMPATH\Database\MySQLi\Connection.php(327): mysqli->query('INSERT INTO `residents` (`username`, `password`, `fname`, `middle_name`, `lname`, `birthdate`, `gender`, `civil_status`, `religion`, `is_solo_parent`, `is_registered_voter`, `is_pwd`, `is_4ps`, `contact_no`, `purok_no`, `nationality`, `photo`) VALUES (\'michale213\', \'$2y$10$CW.7ewnfpLCJrGZWAzPOlu5BRrIXkzJyEMHnobiYeifuvdSYquSMO\', \'michael\', \'jordan\', \'jennings\', \'2025-10-01\', \'Male\', \'Single\', \'Roman Catholic\', \'1\', \'1\', \'1\', \'1\', \'0973477342\', \'5\', \'Filipino\', \'1761842353_e0ebf71e7b6b9ce656e1.jpeg\')', 0)
 2 SYSTEMPATH\Database\BaseConnection.php(729): CodeIgniter\Database\MySQLi\Connection->execute('INSERT INTO `residents` (`username`, `password`, `fname`, `middle_name`, `lname`, `birthdate`, `gender`, `civil_status`, `religion`, `is_solo_parent`, `is_registered_voter`, `is_pwd`, `is_4ps`, `contact_no`, `purok_no`, `nationality`, `photo`) VALUES (\'michale213\', \'$2y$10$CW.7ewnfpLCJrGZWAzPOlu5BRrIXkzJyEMHnobiYeifuvdSYquSMO\', \'michael\', \'jordan\', \'jennings\', \'2025-10-01\', \'Male\', \'Single\', \'Roman Catholic\', \'1\', \'1\', \'1\', \'1\', \'0973477342\', \'5\', \'Filipino\', \'1761842353_e0ebf71e7b6b9ce656e1.jpeg\')')
 3 SYSTEMPATH\Database\BaseConnection.php(646): CodeIgniter\Database\BaseConnection->simpleQuery('INSERT INTO `residents` (`username`, `password`, `fname`, `middle_name`, `lname`, `birthdate`, `gender`, `civil_status`, `religion`, `is_solo_parent`, `is_registered_voter`, `is_pwd`, `is_4ps`, `contact_no`, `purok_no`, `nationality`, `photo`) VALUES (\'michale213\', \'$2y$10$CW.7ewnfpLCJrGZWAzPOlu5BRrIXkzJyEMHnobiYeifuvdSYquSMO\', \'michael\', \'jordan\', \'jennings\', \'2025-10-01\', \'Male\', \'Single\', \'Roman Catholic\', \'1\', \'1\', \'1\', \'1\', \'0973477342\', \'5\', \'Filipino\', \'1761842353_e0ebf71e7b6b9ce656e1.jpeg\')')
 4 SYSTEMPATH\Database\BaseBuilder.php(2345): CodeIgniter\Database\BaseConnection->query('INSERT INTO `residents` (`username`, `password`, `fname`, `middle_name`, `lname`, `birthdate`, `gender`, `civil_status`, `religion`, `is_solo_parent`, `is_registered_voter`, `is_pwd`, `is_4ps`, `contact_no`, `purok_no`, `nationality`, `photo`) VALUES (:username:, :password:, :fname:, :middle_name:, :lname:, :birthdate:, :gender:, :civil_status:, :religion:, :is_solo_parent:, :is_registered_voter:, :is_pwd:, :is_4ps:, :contact_no:, :purok_no:, :nationality:, :photo:)', [...], false)
 5 SYSTEMPATH\Model.php(394): CodeIgniter\Database\BaseBuilder->insert()
 6 SYSTEMPATH\BaseModel.php(838): CodeIgniter\Model->doInsert([...])
 7 SYSTEMPATH\Model.php(797): CodeIgniter\BaseModel->insert([...], true)
 8 APPPATH\Controllers\ResidentController.php(66): CodeIgniter\Model->insert([...])
 9 SYSTEMPATH\CodeIgniter.php(933): App\Controllers\ResidentController->store()
10 SYSTEMPATH\CodeIgniter.php(507): CodeIgniter\CodeIgniter->runController(Object(App\Controllers\ResidentController))
11 SYSTEMPATH\CodeIgniter.php(354): CodeIgniter\CodeIgniter->handleRequest(null, Object(Config\Cache), false)
12 SYSTEMPATH\Boot.php(363): CodeIgniter\CodeIgniter->run()
13 SYSTEMPATH\Boot.php(68): CodeIgniter\Boot::runCodeIgniter(Object(CodeIgniter\CodeIgniter))
14 FCPATH\index.php(59): CodeIgniter\Boot::bootWeb(Object(Config\Paths))
15 SYSTEMPATH\rewrite.php(44): require_once('C:\\xampp\\htdocs\\barangay_system\\barangay_system\\public\\index.php')
CRITICAL - 2025-10-30 16:50:42 --> ErrorException: Attempt to read property "password" on null
[Method: POST, Route: admin/residents/update/1]
in APPPATH\Controllers\ResidentController.php on line 144.
 1 APPPATH\Controllers\ResidentController.php(144): CodeIgniter\Debug\Exceptions->errorHandler(2, 'Attempt to read property "password" on null', 'C:\\xampp\\htdocs\\barangay_system\\barangay_system\\app\\Controllers\\ResidentController.php', 144)
 2 SYSTEMPATH\CodeIgniter.php(933): App\Controllers\ResidentController->update('1')
 3 SYSTEMPATH\CodeIgniter.php(507): CodeIgniter\CodeIgniter->runController(Object(App\Controllers\ResidentController))
 4 SYSTEMPATH\CodeIgniter.php(354): CodeIgniter\CodeIgniter->handleRequest(null, Object(Config\Cache), false)
 5 SYSTEMPATH\Boot.php(363): CodeIgniter\CodeIgniter->run()
 6 SYSTEMPATH\Boot.php(68): CodeIgniter\Boot::runCodeIgniter(Object(CodeIgniter\CodeIgniter))
 7 FCPATH\index.php(59): CodeIgniter\Boot::bootWeb(Object(Config\Paths))
 8 SYSTEMPATH\rewrite.php(44): require_once('C:\\xampp\\htdocs\\barangay_system\\barangay_system\\public\\index.php')
CRITICAL - 2025-10-30 16:50:49 --> ErrorException: Attempt to read property "password" on null
[Method: POST, Route: admin/residents/update/1]
in APPPATH\Controllers\ResidentController.php on line 144.
 1 APPPATH\Controllers\ResidentController.php(144): CodeIgniter\Debug\Exceptions->errorHandler(2, 'Attempt to read property "password" on null', 'C:\\xampp\\htdocs\\barangay_system\\barangay_system\\app\\Controllers\\ResidentController.php', 144)
 2 SYSTEMPATH\CodeIgniter.php(933): App\Controllers\ResidentController->update('1')
 3 SYSTEMPATH\CodeIgniter.php(507): CodeIgniter\CodeIgniter->runController(Object(App\Controllers\ResidentController))
 4 SYSTEMPATH\CodeIgniter.php(354): CodeIgniter\CodeIgniter->handleRequest(null, Object(Config\Cache), false)
 5 SYSTEMPATH\Boot.php(363): CodeIgniter\CodeIgniter->run()
 6 SYSTEMPATH\Boot.php(68): CodeIgniter\Boot::runCodeIgniter(Object(CodeIgniter\CodeIgniter))
 7 FCPATH\index.php(59): CodeIgniter\Boot::bootWeb(Object(Config\Paths))
 8 SYSTEMPATH\rewrite.php(44): require_once('C:\\xampp\\htdocs\\barangay_system\\barangay_system\\public\\index.php')
DEBUG - 2025-10-30 16:51:05 --> Session: Class initialized using 'CodeIgniter\Session\Handlers\FileHandler' driver.
DEBUG - 2025-10-30 16:52:01 --> Session: Class initialized using 'CodeIgniter\Session\Handlers\FileHandler' driver.
DEBUG - 2025-10-30 16:52:17 --> Session: Class initialized using 'CodeIgniter\Session\Handlers\FileHandler' driver.
DEBUG - 2025-10-30 16:53:06 --> Session: Class initialized using 'CodeIgniter\Session\Handlers\FileHandler' driver.
DEBUG - 2025-10-30 16:57:42 --> Session: Class initialized using 'CodeIgniter\Session\Handlers\FileHandler' driver.
DEBUG - 2025-10-30 16:57:42 --> Session: Class initialized using 'CodeIgniter\Session\Handlers\FileHandler' driver.
DEBUG - 2025-10-30 16:57:50 --> Session: Class initialized using 'CodeIgniter\Session\Handlers\FileHandler' driver.
DEBUG - 2025-10-30 16:57:50 --> Session: Class initialized using 'CodeIgniter\Session\Handlers\FileHandler' driver.
DEBUG - 2025-10-30 16:57:52 --> Session: Class initialized using 'CodeIgniter\Session\Handlers\FileHandler' driver.
DEBUG - 2025-10-30 16:57:53 --> Session: Class initialized using 'CodeIgniter\Session\Handlers\FileHandler' driver.
DEBUG - 2025-10-30 16:58:00 --> Session: Class initialized using 'CodeIgniter\Session\Handlers\FileHandler' driver.
DEBUG - 2025-10-30 16:58:00 --> Session: Class initialized using 'CodeIgniter\Session\Handlers\FileHandler' driver.
DEBUG - 2025-10-30 16:58:08 --> Session: Class initialized using 'CodeIgniter\Session\Handlers\FileHandler' driver.
DEBUG - 2025-10-30 16:58:08 --> Session: Class initialized using 'CodeIgniter\Session\Handlers\FileHandler' driver.
DEBUG - 2025-10-30 17:01:14 --> Session: Class initialized using 'CodeIgniter\Session\Handlers\FileHandler' driver.
DEBUG - 2025-10-30 17:04:02 --> Session: Class initialized using 'CodeIgniter\Session\Handlers\FileHandler' driver.
DEBUG - 2025-10-30 17:04:02 --> Session: Class initialized using 'CodeIgniter\Session\Handlers\FileHandler' driver.
DEBUG - 2025-10-30 17:04:04 --> Session: Class initialized using 'CodeIgniter\Session\Handlers\FileHandler' driver.
DEBUG - 2025-10-30 17:04:05 --> Session: Class initialized using 'CodeIgniter\Session\Handlers\FileHandler' driver.
DEBUG - 2025-10-30 17:04:05 --> Session: Class initialized using 'CodeIgniter\Session\Handlers\FileHandler' driver.
DEBUG - 2025-10-30 17:04:09 --> Session: Class initialized using 'CodeIgniter\Session\Handlers\FileHandler' driver.
DEBUG - 2025-10-30 17:04:09 --> Session: Class initialized using 'CodeIgniter\Session\Handlers\FileHandler' driver.
CRITICAL - 2025-10-30 17:04:11 --> CodeIgniter\View\Exceptions\ViewException: Invalid file: "modules/manage_officials.php"
[Method: GET, Route: admin/officials]
in SYSTEMPATH\Exceptions\FrameworkException.php on line 39.
 1 SYSTEMPATH\View\View.php(214): CodeIgniter\Exceptions\FrameworkException::forInvalidFile('modules/manage_officials.php')
 2 SYSTEMPATH\Common.php(1167): CodeIgniter\View\View->render('modules/manage_officials', [], true)
 3 APPPATH\Controllers\AdminController.php(18): view('modules/manage_officials')
 4 SYSTEMPATH\CodeIgniter.php(933): App\Controllers\AdminController->officials()
 5 SYSTEMPATH\CodeIgniter.php(507): CodeIgniter\CodeIgniter->runController(Object(App\Controllers\AdminController))
 6 SYSTEMPATH\CodeIgniter.php(354): CodeIgniter\CodeIgniter->handleRequest(null, Object(Config\Cache), false)
 7 SYSTEMPATH\Boot.php(363): CodeIgniter\CodeIgniter->run()
 8 SYSTEMPATH\Boot.php(68): CodeIgniter\Boot::runCodeIgniter(Object(CodeIgniter\CodeIgniter))
 9 FCPATH\index.php(59): CodeIgniter\Boot::bootWeb(Object(Config\Paths))
10 SYSTEMPATH\rewrite.php(44): require_once('C:\\xampp\\htdocs\\barangay_system\\barangay_system\\public\\index.php')
DEBUG - 2025-10-30 17:10:50 --> Session: Class initialized using 'CodeIgniter\Session\Handlers\FileHandler' driver.
DEBUG - 2025-10-30 17:10:53 --> Session: Class initialized using 'CodeIgniter\Session\Handlers\FileHandler' driver.
DEBUG - 2025-10-30 17:10:55 --> Session: Class initialized using 'CodeIgniter\Session\Handlers\FileHandler' driver.
CRITICAL - 2025-10-30 17:10:57 --> CodeIgniter\View\Exceptions\ViewException: Invalid file: "modules/manage_officials.php"
[Method: GET, Route: admin/officials]
in SYSTEMPATH\Exceptions\FrameworkException.php on line 39.
 1 SYSTEMPATH\View\View.php(214): CodeIgniter\Exceptions\FrameworkException::forInvalidFile('modules/manage_officials.php')
 2 SYSTEMPATH\Common.php(1167): CodeIgniter\View\View->render('modules/manage_officials', [], true)
 3 APPPATH\Controllers\AdminController.php(18): view('modules/manage_officials')
 4 SYSTEMPATH\CodeIgniter.php(933): App\Controllers\AdminController->officials()
 5 SYSTEMPATH\CodeIgniter.php(507): CodeIgniter\CodeIgniter->runController(Object(App\Controllers\AdminController))
 6 SYSTEMPATH\CodeIgniter.php(354): CodeIgniter\CodeIgniter->handleRequest(null, Object(Config\Cache), false)
 7 SYSTEMPATH\Boot.php(363): CodeIgniter\CodeIgniter->run()
 8 SYSTEMPATH\Boot.php(68): CodeIgniter\Boot::runCodeIgniter(Object(CodeIgniter\CodeIgniter))
 9 FCPATH\index.php(59): CodeIgniter\Boot::bootWeb(Object(Config\Paths))
10 SYSTEMPATH\rewrite.php(44): require_once('C:\\xampp\\htdocs\\barangay_system\\barangay_system\\public\\index.php')
DEBUG - 2025-10-30 17:11:00 --> Session: Class initialized using 'CodeIgniter\Session\Handlers\FileHandler' driver.
DEBUG - 2025-10-30 17:11:31 --> Session: Class initialized using 'CodeIgniter\Session\Handlers\FileHandler' driver.
DEBUG - 2025-10-30 17:11:34 --> Session: Class initialized using 'CodeIgniter\Session\Handlers\FileHandler' driver.
DEBUG - 2025-10-30 17:11:38 --> Session: Class initialized using 'CodeIgniter\Session\Handlers\FileHandler' driver.
DEBUG - 2025-10-30 17:12:07 --> Session: Class initialized using 'CodeIgniter\Session\Handlers\FileHandler' driver.
CRITICAL - 2025-10-30 17:12:13 --> Error: Cannot use object of type stdClass as array
[Method: GET, Route: admin/residents/edit/1]
in APPPATH\Views\modules\edit_resident.php on line 212.
 1 SYSTEMPATH\View\View.php(226): include()
 2 SYSTEMPATH\View\View.php(229): CodeIgniter\View\View->CodeIgniter\View\{closure}()
 3 SYSTEMPATH\Common.php(1167): CodeIgniter\View\View->render('modules/edit_resident', [], true)
 4 APPPATH\Controllers\ResidentController.php(69): view('modules/edit_resident', [...])
 5 SYSTEMPATH\CodeIgniter.php(933): App\Controllers\ResidentController->edit('1')
 6 SYSTEMPATH\CodeIgniter.php(507): CodeIgniter\CodeIgniter->runController(Object(App\Controllers\ResidentController))
 7 SYSTEMPATH\CodeIgniter.php(354): CodeIgniter\CodeIgniter->handleRequest(null, Object(Config\Cache), false)
 8 SYSTEMPATH\Boot.php(363): CodeIgniter\CodeIgniter->run()
 9 SYSTEMPATH\Boot.php(68): CodeIgniter\Boot::runCodeIgniter(Object(CodeIgniter\CodeIgniter))
10 FCPATH\index.php(59): CodeIgniter\Boot::bootWeb(Object(Config\Paths))
11 SYSTEMPATH\rewrite.php(44): require_once('C:\\xampp\\htdocs\\barangay_system\\barangay_system\\public\\index.php')
DEBUG - 2025-10-30 17:12:35 --> Session: Class initialized using 'CodeIgniter\Session\Handlers\FileHandler' driver.
DEBUG - 2025-10-30 17:12:39 --> Session: Class initialized using 'CodeIgniter\Session\Handlers\FileHandler' driver.
CRITICAL - 2025-10-30 17:12:47 --> Error: Cannot use object of type stdClass as array
[Method: GET, Route: admin/residents/edit/6]
in APPPATH\Views\modules\edit_resident.php on line 212.
 1 SYSTEMPATH\View\View.php(226): include()
 2 SYSTEMPATH\View\View.php(229): CodeIgniter\View\View->CodeIgniter\View\{closure}()
 3 SYSTEMPATH\Common.php(1167): CodeIgniter\View\View->render('modules/edit_resident', [], true)
 4 APPPATH\Controllers\ResidentController.php(69): view('modules/edit_resident', [...])
 5 SYSTEMPATH\CodeIgniter.php(933): App\Controllers\ResidentController->edit('6')
 6 SYSTEMPATH\CodeIgniter.php(507): CodeIgniter\CodeIgniter->runController(Object(App\Controllers\ResidentController))
 7 SYSTEMPATH\CodeIgniter.php(354): CodeIgniter\CodeIgniter->handleRequest(null, Object(Config\Cache), false)
 8 SYSTEMPATH\Boot.php(363): CodeIgniter\CodeIgniter->run()
 9 SYSTEMPATH\Boot.php(68): CodeIgniter\Boot::runCodeIgniter(Object(CodeIgniter\CodeIgniter))
10 FCPATH\index.php(59): CodeIgniter\Boot::bootWeb(Object(Config\Paths))
11 SYSTEMPATH\rewrite.php(44): require_once('C:\\xampp\\htdocs\\barangay_system\\barangay_system\\public\\index.php')
CRITICAL - 2025-10-30 17:12:58 --> Error: Cannot use object of type stdClass as array
[Method: GET, Route: admin/residents/edit/3]
in APPPATH\Views\modules\edit_resident.php on line 212.
 1 SYSTEMPATH\View\View.php(226): include()
 2 SYSTEMPATH\View\View.php(229): CodeIgniter\View\View->CodeIgniter\View\{closure}()
 3 SYSTEMPATH\Common.php(1167): CodeIgniter\View\View->render('modules/edit_resident', [], true)
 4 APPPATH\Controllers\ResidentController.php(69): view('modules/edit_resident', [...])
 5 SYSTEMPATH\CodeIgniter.php(933): App\Controllers\ResidentController->edit('3')
 6 SYSTEMPATH\CodeIgniter.php(507): CodeIgniter\CodeIgniter->runController(Object(App\Controllers\ResidentController))
 7 SYSTEMPATH\CodeIgniter.php(354): CodeIgniter\CodeIgniter->handleRequest(null, Object(Config\Cache), false)
 8 SYSTEMPATH\Boot.php(363): CodeIgniter\CodeIgniter->run()
 9 SYSTEMPATH\Boot.php(68): CodeIgniter\Boot::runCodeIgniter(Object(CodeIgniter\CodeIgniter))
10 FCPATH\index.php(59): CodeIgniter\Boot::bootWeb(Object(Config\Paths))
11 SYSTEMPATH\rewrite.php(44): require_once('C:\\xampp\\htdocs\\barangay_system\\barangay_system\\public\\index.php')
DEBUG - 2025-10-30 17:13:23 --> Session: Class initialized using 'CodeIgniter\Session\Handlers\FileHandler' driver.
DEBUG - 2025-10-30 17:13:24 --> Session: Class initialized using 'CodeIgniter\Session\Handlers\FileHandler' driver.
DEBUG - 2025-10-30 17:13:24 --> Session: Class initialized using 'CodeIgniter\Session\Handlers\FileHandler' driver.
DEBUG - 2025-10-30 17:13:25 --> Session: Class initialized using 'CodeIgniter\Session\Handlers\FileHandler' driver.
DEBUG - 2025-10-30 17:13:26 --> Session: Class initialized using 'CodeIgniter\Session\Handlers\FileHandler' driver.
DEBUG - 2025-10-30 17:13:26 --> Session: Class initialized using 'CodeIgniter\Session\Handlers\FileHandler' driver.
CRITICAL - 2025-10-30 17:13:42 --> Error: Cannot use object of type stdClass as array
[Method: GET, Route: admin/residents/edit/2]
in APPPATH\Views\modules\edit_resident.php on line 212.
 1 SYSTEMPATH\View\View.php(226): include()
 2 SYSTEMPATH\View\View.php(229): CodeIgniter\View\View->CodeIgniter\View\{closure}()
 3 SYSTEMPATH\Common.php(1167): CodeIgniter\View\View->render('modules/edit_resident', [], true)
 4 APPPATH\Controllers\ResidentController.php(69): view('modules/edit_resident', [...])
 5 SYSTEMPATH\CodeIgniter.php(933): App\Controllers\ResidentController->edit('2')
 6 SYSTEMPATH\CodeIgniter.php(507): CodeIgniter\CodeIgniter->runController(Object(App\Controllers\ResidentController))
 7 SYSTEMPATH\CodeIgniter.php(354): CodeIgniter\CodeIgniter->handleRequest(null, Object(Config\Cache), false)
 8 SYSTEMPATH\Boot.php(363): CodeIgniter\CodeIgniter->run()
 9 SYSTEMPATH\Boot.php(68): CodeIgniter\Boot::runCodeIgniter(Object(CodeIgniter\CodeIgniter))
10 FCPATH\index.php(59): CodeIgniter\Boot::bootWeb(Object(Config\Paths))
11 SYSTEMPATH\rewrite.php(44): require_once('C:\\xampp\\htdocs\\barangay_system\\barangay_system\\public\\index.php')
DEBUG - 2025-10-30 17:14:04 --> Session: Class initialized using 'CodeIgniter\Session\Handlers\FileHandler' driver.
CRITICAL - 2025-10-30 17:14:12 --> Error: Cannot use object of type stdClass as array
[Method: GET, Route: admin/residents/edit/1]
in APPPATH\Views\modules\edit_resident.php on line 212.
 1 SYSTEMPATH\View\View.php(226): include()
 2 SYSTEMPATH\View\View.php(229): CodeIgniter\View\View->CodeIgniter\View\{closure}()
 3 SYSTEMPATH\Common.php(1167): CodeIgniter\View\View->render('modules/edit_resident', [], true)
 4 APPPATH\Controllers\ResidentController.php(69): view('modules/edit_resident', [...])
 5 SYSTEMPATH\CodeIgniter.php(933): App\Controllers\ResidentController->edit('1')
 6 SYSTEMPATH\CodeIgniter.php(507): CodeIgniter\CodeIgniter->runController(Object(App\Controllers\ResidentController))
 7 SYSTEMPATH\CodeIgniter.php(354): CodeIgniter\CodeIgniter->handleRequest(null, Object(Config\Cache), false)
 8 SYSTEMPATH\Boot.php(363): CodeIgniter\CodeIgniter->run()
 9 SYSTEMPATH\Boot.php(68): CodeIgniter\Boot::runCodeIgniter(Object(CodeIgniter\CodeIgniter))
10 FCPATH\index.php(59): CodeIgniter\Boot::bootWeb(Object(Config\Paths))
11 SYSTEMPATH\rewrite.php(44): require_once('C:\\xampp\\htdocs\\barangay_system\\barangay_system\\public\\index.php')
DEBUG - 2025-10-30 17:20:48 --> Session: Class initialized using 'CodeIgniter\Session\Handlers\FileHandler' driver.
DEBUG - 2025-10-30 17:39:13 --> Session: Class initialized using 'CodeIgniter\Session\Handlers\FileHandler' driver.
DEBUG - 2025-10-30 17:39:13 --> Session: Class initialized using 'CodeIgniter\Session\Handlers\FileHandler' driver.
DEBUG - 2025-10-30 17:39:18 --> Session: Class initialized using 'CodeIgniter\Session\Handlers\FileHandler' driver.
DEBUG - 2025-10-30 17:39:18 --> Session: Class initialized using 'CodeIgniter\Session\Handlers\FileHandler' driver.
DEBUG - 2025-10-30 17:39:22 --> Session: Class initialized using 'CodeIgniter\Session\Handlers\FileHandler' driver.
DEBUG - 2025-10-30 17:39:22 --> Session: Class initialized using 'CodeIgniter\Session\Handlers\FileHandler' driver.
DEBUG - 2025-10-30 17:39:26 --> Session: Class initialized using 'CodeIgniter\Session\Handlers\FileHandler' driver.
DEBUG - 2025-10-30 17:39:26 --> Session: Class initialized using 'CodeIgniter\Session\Handlers\FileHandler' driver.
DEBUG - 2025-10-30 17:39:31 --> Session: Class initialized using 'CodeIgniter\Session\Handlers\FileHandler' driver.
DEBUG - 2025-10-30 17:40:06 --> Session: Class initialized using 'CodeIgniter\Session\Handlers\FileHandler' driver.
DEBUG - 2025-10-30 17:45:33 --> Session: Class initialized using 'CodeIgniter\Session\Handlers\FileHandler' driver.
CRITICAL - 2025-10-30 17:45:33 --> ErrorException: Undefined variable $pending_requests
[Method: GET, Route: admin/dashboard]
in APPPATH\Views\modules\admin_dashboard.php on line 220.
 1 APPPATH\Views\modules\admin_dashboard.php(220): CodeIgniter\Debug\Exceptions->errorHandler(2, 'Undefined variable $pending_requests', 'C:\\xampp\\htdocs\\barangay_system\\barangay_system\\app\\Views\\modules\\admin_dashboard.php', 220)
 2 SYSTEMPATH\View\View.php(226): include('C:\\xampp\\htdocs\\barangay_system\\barangay_system\\app\\Views\\modules\\admin_dashboard.php')
 3 SYSTEMPATH\View\View.php(229): CodeIgniter\View\View->CodeIgniter\View\{closure}()
 4 SYSTEMPATH\Common.php(1167): CodeIgniter\View\View->render('modules/admin_dashboard', [], true)
 5 APPPATH\Controllers\DashboardController.php(21): view('modules/admin_dashboard', [...])
 6 SYSTEMPATH\CodeIgniter.php(933): App\Controllers\DashboardController->admin()
 7 SYSTEMPATH\CodeIgniter.php(507): CodeIgniter\CodeIgniter->runController(Object(App\Controllers\DashboardController))
 8 SYSTEMPATH\CodeIgniter.php(354): CodeIgniter\CodeIgniter->handleRequest(null, Object(Config\Cache), false)
 9 SYSTEMPATH\Boot.php(363): CodeIgniter\CodeIgniter->run()
10 SYSTEMPATH\Boot.php(68): CodeIgniter\Boot::runCodeIgniter(Object(CodeIgniter\CodeIgniter))
11 FCPATH\index.php(59): CodeIgniter\Boot::bootWeb(Object(Config\Paths))
12 SYSTEMPATH\rewrite.php(44): require_once('C:\\xampp\\htdocs\\barangay_system\\barangay_system\\public\\index.php')
DEBUG - 2025-10-30 17:45:54 --> Session: Class initialized using 'CodeIgniter\Session\Handlers\FileHandler' driver.
CRITICAL - 2025-10-30 17:45:54 --> ErrorException: Undefined variable $total_residents
[Method: GET, Route: admin/dashboard]
in APPPATH\Views\modules\admin_dashboard.php on line 221.
 1 APPPATH\Views\modules\admin_dashboard.php(221): CodeIgniter\Debug\Exceptions->errorHandler(2, 'Undefined variable $total_residents', 'C:\\xampp\\htdocs\\barangay_system\\barangay_system\\app\\Views\\modules\\admin_dashboard.php', 221)
 2 SYSTEMPATH\View\View.php(226): include('C:\\xampp\\htdocs\\barangay_system\\barangay_system\\app\\Views\\modules\\admin_dashboard.php')
 3 SYSTEMPATH\View\View.php(229): CodeIgniter\View\View->CodeIgniter\View\{closure}()
 4 SYSTEMPATH\Common.php(1167): CodeIgniter\View\View->render('modules/admin_dashboard', [], true)
 5 APPPATH\Controllers\DashboardController.php(21): view('modules/admin_dashboard', [...])
 6 SYSTEMPATH\CodeIgniter.php(933): App\Controllers\DashboardController->admin()
 7 SYSTEMPATH\CodeIgniter.php(507): CodeIgniter\CodeIgniter->runController(Object(App\Controllers\DashboardController))
 8 SYSTEMPATH\CodeIgniter.php(354): CodeIgniter\CodeIgniter->handleRequest(null, Object(Config\Cache), false)
 9 SYSTEMPATH\Boot.php(363): CodeIgniter\CodeIgniter->run()
10 SYSTEMPATH\Boot.php(68): CodeIgniter\Boot::runCodeIgniter(Object(CodeIgniter\CodeIgniter))
11 FCPATH\index.php(59): CodeIgniter\Boot::bootWeb(Object(Config\Paths))
12 SYSTEMPATH\rewrite.php(44): require_once('C:\\xampp\\htdocs\\barangay_system\\barangay_system\\public\\index.php')
DEBUG - 2025-10-30 17:46:08 --> Session: Class initialized using 'CodeIgniter\Session\Handlers\FileHandler' driver.
CRITICAL - 2025-10-30 17:46:08 --> ErrorException: Undefined variable $pending_requests
[Method: GET, Route: admin/dashboard]
in APPPATH\Views\modules\admin_dashboard.php on line 220.
 1 APPPATH\Views\modules\admin_dashboard.php(220): CodeIgniter\Debug\Exceptions->errorHandler(2, 'Undefined variable $pending_requests', 'C:\\xampp\\htdocs\\barangay_system\\barangay_system\\app\\Views\\modules\\admin_dashboard.php', 220)
 2 SYSTEMPATH\View\View.php(226): include('C:\\xampp\\htdocs\\barangay_system\\barangay_system\\app\\Views\\modules\\admin_dashboard.php')
 3 SYSTEMPATH\View\View.php(229): CodeIgniter\View\View->CodeIgniter\View\{closure}()
 4 SYSTEMPATH\Common.php(1167): CodeIgniter\View\View->render('modules/admin_dashboard', [], true)
 5 APPPATH\Controllers\DashboardController.php(21): view('modules/admin_dashboard', [...])
 6 SYSTEMPATH\CodeIgniter.php(933): App\Controllers\DashboardController->admin()
 7 SYSTEMPATH\CodeIgniter.php(507): CodeIgniter\CodeIgniter->runController(Object(App\Controllers\DashboardController))
 8 SYSTEMPATH\CodeIgniter.php(354): CodeIgniter\CodeIgniter->handleRequest(null, Object(Config\Cache), false)
 9 SYSTEMPATH\Boot.php(363): CodeIgniter\CodeIgniter->run()
10 SYSTEMPATH\Boot.php(68): CodeIgniter\Boot::runCodeIgniter(Object(CodeIgniter\CodeIgniter))
11 FCPATH\index.php(59): CodeIgniter\Boot::bootWeb(Object(Config\Paths))
12 SYSTEMPATH\rewrite.php(44): require_once('C:\\xampp\\htdocs\\barangay_system\\barangay_system\\public\\index.php')
DEBUG - 2025-10-30 17:48:01 --> Session: Class initialized using 'CodeIgniter\Session\Handlers\FileHandler' driver.
CRITICAL - 2025-10-30 17:48:01 --> ErrorException: Undefined variable $pending_requests
[Method: GET, Route: admin/dashboard]
in APPPATH\Views\modules\admin_dashboard.php on line 220.
 1 APPPATH\Views\modules\admin_dashboard.php(220): CodeIgniter\Debug\Exceptions->errorHandler(2, 'Undefined variable $pending_requests', 'C:\\xampp\\htdocs\\barangay_system\\barangay_system\\app\\Views\\modules\\admin_dashboard.php', 220)
 2 SYSTEMPATH\View\View.php(226): include('C:\\xampp\\htdocs\\barangay_system\\barangay_system\\app\\Views\\modules\\admin_dashboard.php')
 3 SYSTEMPATH\View\View.php(229): CodeIgniter\View\View->CodeIgniter\View\{closure}()
 4 SYSTEMPATH\Common.php(1167): CodeIgniter\View\View->render('modules/admin_dashboard', [], true)
 5 APPPATH\Controllers\DashboardController.php(21): view('modules/admin_dashboard', [...])
 6 SYSTEMPATH\CodeIgniter.php(933): App\Controllers\DashboardController->admin()
 7 SYSTEMPATH\CodeIgniter.php(507): CodeIgniter\CodeIgniter->runController(Object(App\Controllers\DashboardController))
 8 SYSTEMPATH\CodeIgniter.php(354): CodeIgniter\CodeIgniter->handleRequest(null, Object(Config\Cache), false)
 9 SYSTEMPATH\Boot.php(363): CodeIgniter\CodeIgniter->run()
10 SYSTEMPATH\Boot.php(68): CodeIgniter\Boot::runCodeIgniter(Object(CodeIgniter\CodeIgniter))
11 FCPATH\index.php(59): CodeIgniter\Boot::bootWeb(Object(Config\Paths))
12 SYSTEMPATH\rewrite.php(44): require_once('C:\\xampp\\htdocs\\barangay_system\\barangay_system\\public\\index.php')
DEBUG - 2025-10-30 17:49:14 --> Session: Class initialized using 'CodeIgniter\Session\Handlers\FileHandler' driver.
CRITICAL - 2025-10-30 17:49:14 --> ErrorException: Undefined variable $pending_requests
[Method: GET, Route: admin/dashboard]
in APPPATH\Views\modules\admin_dashboard.php on line 185.
 1 APPPATH\Views\modules\admin_dashboard.php(185): CodeIgniter\Debug\Exceptions->errorHandler(2, 'Undefined variable $pending_requests', 'C:\\xampp\\htdocs\\barangay_system\\barangay_system\\app\\Views\\modules\\admin_dashboard.php', 185)
 2 SYSTEMPATH\View\View.php(226): include('C:\\xampp\\htdocs\\barangay_system\\barangay_system\\app\\Views\\modules\\admin_dashboard.php')
 3 SYSTEMPATH\View\View.php(229): CodeIgniter\View\View->CodeIgniter\View\{closure}()
 4 SYSTEMPATH\Common.php(1167): CodeIgniter\View\View->render('modules/admin_dashboard', [], true)
 5 APPPATH\Controllers\DashboardController.php(21): view('modules/admin_dashboard', [...])
 6 SYSTEMPATH\CodeIgniter.php(933): App\Controllers\DashboardController->admin()
 7 SYSTEMPATH\CodeIgniter.php(507): CodeIgniter\CodeIgniter->runController(Object(App\Controllers\DashboardController))
 8 SYSTEMPATH\CodeIgniter.php(354): CodeIgniter\CodeIgniter->handleRequest(null, Object(Config\Cache), false)
 9 SYSTEMPATH\Boot.php(363): CodeIgniter\CodeIgniter->run()
10 SYSTEMPATH\Boot.php(68): CodeIgniter\Boot::runCodeIgniter(Object(CodeIgniter\CodeIgniter))
11 FCPATH\index.php(59): CodeIgniter\Boot::bootWeb(Object(Config\Paths))
12 SYSTEMPATH\rewrite.php(44): require_once('C:\\xampp\\htdocs\\barangay_system\\barangay_system\\public\\index.php')
DEBUG - 2025-10-30 17:49:19 --> Session: Class initialized using 'CodeIgniter\Session\Handlers\FileHandler' driver.
CRITICAL - 2025-10-30 17:49:19 --> ErrorException: Undefined variable $pending_requests
[Method: GET, Route: admin/dashboard]
in APPPATH\Views\modules\admin_dashboard.php on line 185.
 1 APPPATH\Views\modules\admin_dashboard.php(185): CodeIgniter\Debug\Exceptions->errorHandler(2, 'Undefined variable $pending_requests', 'C:\\xampp\\htdocs\\barangay_system\\barangay_system\\app\\Views\\modules\\admin_dashboard.php', 185)
 2 SYSTEMPATH\View\View.php(226): include('C:\\xampp\\htdocs\\barangay_system\\barangay_system\\app\\Views\\modules\\admin_dashboard.php')
 3 SYSTEMPATH\View\View.php(229): CodeIgniter\View\View->CodeIgniter\View\{closure}()
 4 SYSTEMPATH\Common.php(1167): CodeIgniter\View\View->render('modules/admin_dashboard', [], true)
 5 APPPATH\Controllers\DashboardController.php(21): view('modules/admin_dashboard', [...])
 6 SYSTEMPATH\CodeIgniter.php(933): App\Controllers\DashboardController->admin()
 7 SYSTEMPATH\CodeIgniter.php(507): CodeIgniter\CodeIgniter->runController(Object(App\Controllers\DashboardController))
 8 SYSTEMPATH\CodeIgniter.php(354): CodeIgniter\CodeIgniter->handleRequest(null, Object(Config\Cache), false)
 9 SYSTEMPATH\Boot.php(363): CodeIgniter\CodeIgniter->run()
10 SYSTEMPATH\Boot.php(68): CodeIgniter\Boot::runCodeIgniter(Object(CodeIgniter\CodeIgniter))
11 FCPATH\index.php(59): CodeIgniter\Boot::bootWeb(Object(Config\Paths))
12 SYSTEMPATH\rewrite.php(44): require_once('C:\\xampp\\htdocs\\barangay_system\\barangay_system\\public\\index.php')
DEBUG - 2025-10-30 17:50:44 --> Session: Class initialized using 'CodeIgniter\Session\Handlers\FileHandler' driver.
CRITICAL - 2025-10-30 17:50:44 --> ErrorException: Undefined variable $pending_requests
[Method: GET, Route: admin/dashboard]
in APPPATH\Views\modules\admin_dashboard.php on line 185.
 1 APPPATH\Views\modules\admin_dashboard.php(185): CodeIgniter\Debug\Exceptions->errorHandler(2, 'Undefined variable $pending_requests', 'C:\\xampp\\htdocs\\barangay_system\\barangay_system\\app\\Views\\modules\\admin_dashboard.php', 185)
 2 SYSTEMPATH\View\View.php(226): include('C:\\xampp\\htdocs\\barangay_system\\barangay_system\\app\\Views\\modules\\admin_dashboard.php')
 3 SYSTEMPATH\View\View.php(229): CodeIgniter\View\View->CodeIgniter\View\{closure}()
 4 SYSTEMPATH\Common.php(1167): CodeIgniter\View\View->render('modules/admin_dashboard', [], true)
 5 APPPATH\Controllers\DashboardController.php(21): view('modules/admin_dashboard', [...])
 6 SYSTEMPATH\CodeIgniter.php(933): App\Controllers\DashboardController->admin()
 7 SYSTEMPATH\CodeIgniter.php(507): CodeIgniter\CodeIgniter->runController(Object(App\Controllers\DashboardController))
 8 SYSTEMPATH\CodeIgniter.php(354): CodeIgniter\CodeIgniter->handleRequest(null, Object(Config\Cache), false)
 9 SYSTEMPATH\Boot.php(363): CodeIgniter\CodeIgniter->run()
10 SYSTEMPATH\Boot.php(68): CodeIgniter\Boot::runCodeIgniter(Object(CodeIgniter\CodeIgniter))
11 FCPATH\index.php(59): CodeIgniter\Boot::bootWeb(Object(Config\Paths))
12 SYSTEMPATH\rewrite.php(44): require_once('C:\\xampp\\htdocs\\barangay_system\\barangay_system\\public\\index.php')
DEBUG - 2025-10-30 17:50:59 --> Session: Class initialized using 'CodeIgniter\Session\Handlers\FileHandler' driver.
CRITICAL - 2025-10-30 17:50:59 --> ErrorException: Undefined variable $pending_requests
[Method: GET, Route: admin/dashboard]
in APPPATH\Views\modules\admin_dashboard.php on line 185.
 1 APPPATH\Views\modules\admin_dashboard.php(185): CodeIgniter\Debug\Exceptions->errorHandler(2, 'Undefined variable $pending_requests', 'C:\\xampp\\htdocs\\barangay_system\\barangay_system\\app\\Views\\modules\\admin_dashboard.php', 185)
 2 SYSTEMPATH\View\View.php(226): include('C:\\xampp\\htdocs\\barangay_system\\barangay_system\\app\\Views\\modules\\admin_dashboard.php')
 3 SYSTEMPATH\View\View.php(229): CodeIgniter\View\View->CodeIgniter\View\{closure}()
 4 SYSTEMPATH\Common.php(1167): CodeIgniter\View\View->render('modules/admin_dashboard', [], true)
 5 APPPATH\Controllers\DashboardController.php(21): view('modules/admin_dashboard', [...])
 6 SYSTEMPATH\CodeIgniter.php(933): App\Controllers\DashboardController->admin()
 7 SYSTEMPATH\CodeIgniter.php(507): CodeIgniter\CodeIgniter->runController(Object(App\Controllers\DashboardController))
 8 SYSTEMPATH\CodeIgniter.php(354): CodeIgniter\CodeIgniter->handleRequest(null, Object(Config\Cache), false)
 9 SYSTEMPATH\Boot.php(363): CodeIgniter\CodeIgniter->run()
10 SYSTEMPATH\Boot.php(68): CodeIgniter\Boot::runCodeIgniter(Object(CodeIgniter\CodeIgniter))
11 FCPATH\index.php(59): CodeIgniter\Boot::bootWeb(Object(Config\Paths))
12 SYSTEMPATH\rewrite.php(44): require_once('C:\\xampp\\htdocs\\barangay_system\\barangay_system\\public\\index.php')
DEBUG - 2025-10-30 17:53:03 --> Session: Class initialized using 'CodeIgniter\Session\Handlers\FileHandler' driver.
CRITICAL - 2025-10-30 17:53:03 --> ErrorException: Undefined variable $pending_requests
[Method: GET, Route: admin/dashboard]
in APPPATH\Views\modules\admin_dashboard.php on line 185.
 1 APPPATH\Views\modules\admin_dashboard.php(185): CodeIgniter\Debug\Exceptions->errorHandler(2, 'Undefined variable $pending_requests', 'C:\\xampp\\htdocs\\barangay_system\\barangay_system\\app\\Views\\modules\\admin_dashboard.php', 185)
 2 SYSTEMPATH\View\View.php(226): include('C:\\xampp\\htdocs\\barangay_system\\barangay_system\\app\\Views\\modules\\admin_dashboard.php')
 3 SYSTEMPATH\View\View.php(229): CodeIgniter\View\View->CodeIgniter\View\{closure}()
 4 SYSTEMPATH\Common.php(1167): CodeIgniter\View\View->render('modules/admin_dashboard', [], true)
 5 APPPATH\Controllers\DashboardController.php(21): view('modules/admin_dashboard', [...])
 6 SYSTEMPATH\CodeIgniter.php(933): App\Controllers\DashboardController->admin()
 7 SYSTEMPATH\CodeIgniter.php(507): CodeIgniter\CodeIgniter->runController(Object(App\Controllers\DashboardController))
 8 SYSTEMPATH\CodeIgniter.php(354): CodeIgniter\CodeIgniter->handleRequest(null, Object(Config\Cache), false)
 9 SYSTEMPATH\Boot.php(363): CodeIgniter\CodeIgniter->run()
10 SYSTEMPATH\Boot.php(68): CodeIgniter\Boot::runCodeIgniter(Object(CodeIgniter\CodeIgniter))
11 FCPATH\index.php(59): CodeIgniter\Boot::bootWeb(Object(Config\Paths))
12 SYSTEMPATH\rewrite.php(44): require_once('C:\\xampp\\htdocs\\barangay_system\\barangay_system\\public\\index.php')
DEBUG - 2025-10-30 17:53:06 --> Session: Class initialized using 'CodeIgniter\Session\Handlers\FileHandler' driver.
CRITICAL - 2025-10-30 17:53:06 --> ErrorException: Undefined variable $pending_requests
[Method: GET, Route: admin/dashboard]
in APPPATH\Views\modules\admin_dashboard.php on line 185.
 1 APPPATH\Views\modules\admin_dashboard.php(185): CodeIgniter\Debug\Exceptions->errorHandler(2, 'Undefined variable $pending_requests', 'C:\\xampp\\htdocs\\barangay_system\\barangay_system\\app\\Views\\modules\\admin_dashboard.php', 185)
 2 SYSTEMPATH\View\View.php(226): include('C:\\xampp\\htdocs\\barangay_system\\barangay_system\\app\\Views\\modules\\admin_dashboard.php')
 3 SYSTEMPATH\View\View.php(229): CodeIgniter\View\View->CodeIgniter\View\{closure}()
 4 SYSTEMPATH\Common.php(1167): CodeIgniter\View\View->render('modules/admin_dashboard', [], true)
 5 APPPATH\Controllers\DashboardController.php(21): view('modules/admin_dashboard', [...])
 6 SYSTEMPATH\CodeIgniter.php(933): App\Controllers\DashboardController->admin()
 7 SYSTEMPATH\CodeIgniter.php(507): CodeIgniter\CodeIgniter->runController(Object(App\Controllers\DashboardController))
 8 SYSTEMPATH\CodeIgniter.php(354): CodeIgniter\CodeIgniter->handleRequest(null, Object(Config\Cache), false)
 9 SYSTEMPATH\Boot.php(363): CodeIgniter\CodeIgniter->run()
10 SYSTEMPATH\Boot.php(68): CodeIgniter\Boot::runCodeIgniter(Object(CodeIgniter\CodeIgniter))
11 FCPATH\index.php(59): CodeIgniter\Boot::bootWeb(Object(Config\Paths))
12 SYSTEMPATH\rewrite.php(44): require_once('C:\\xampp\\htdocs\\barangay_system\\barangay_system\\public\\index.php')
DEBUG - 2025-10-30 17:53:07 --> Session: Class initialized using 'CodeIgniter\Session\Handlers\FileHandler' driver.
CRITICAL - 2025-10-30 17:53:07 --> ErrorException: Undefined variable $pending_requests
[Method: GET, Route: admin/dashboard]
in APPPATH\Views\modules\admin_dashboard.php on line 185.
 1 APPPATH\Views\modules\admin_dashboard.php(185): CodeIgniter\Debug\Exceptions->errorHandler(2, 'Undefined variable $pending_requests', 'C:\\xampp\\htdocs\\barangay_system\\barangay_system\\app\\Views\\modules\\admin_dashboard.php', 185)
 2 SYSTEMPATH\View\View.php(226): include('C:\\xampp\\htdocs\\barangay_system\\barangay_system\\app\\Views\\modules\\admin_dashboard.php')
 3 SYSTEMPATH\View\View.php(229): CodeIgniter\View\View->CodeIgniter\View\{closure}()
 4 SYSTEMPATH\Common.php(1167): CodeIgniter\View\View->render('modules/admin_dashboard', [], true)
 5 APPPATH\Controllers\DashboardController.php(21): view('modules/admin_dashboard', [...])
 6 SYSTEMPATH\CodeIgniter.php(933): App\Controllers\DashboardController->admin()
 7 SYSTEMPATH\CodeIgniter.php(507): CodeIgniter\CodeIgniter->runController(Object(App\Controllers\DashboardController))
 8 SYSTEMPATH\CodeIgniter.php(354): CodeIgniter\CodeIgniter->handleRequest(null, Object(Config\Cache), false)
 9 SYSTEMPATH\Boot.php(363): CodeIgniter\CodeIgniter->run()
10 SYSTEMPATH\Boot.php(68): CodeIgniter\Boot::runCodeIgniter(Object(CodeIgniter\CodeIgniter))
11 FCPATH\index.php(59): CodeIgniter\Boot::bootWeb(Object(Config\Paths))
12 SYSTEMPATH\rewrite.php(44): require_once('C:\\xampp\\htdocs\\barangay_system\\barangay_system\\public\\index.php')
DEBUG - 2025-10-30 17:53:07 --> Session: Class initialized using 'CodeIgniter\Session\Handlers\FileHandler' driver.
CRITICAL - 2025-10-30 17:53:07 --> ErrorException: Undefined variable $pending_requests
[Method: GET, Route: admin/dashboard]
in APPPATH\Views\modules\admin_dashboard.php on line 185.
 1 APPPATH\Views\modules\admin_dashboard.php(185): CodeIgniter\Debug\Exceptions->errorHandler(2, 'Undefined variable $pending_requests', 'C:\\xampp\\htdocs\\barangay_system\\barangay_system\\app\\Views\\modules\\admin_dashboard.php', 185)
 2 SYSTEMPATH\View\View.php(226): include('C:\\xampp\\htdocs\\barangay_system\\barangay_system\\app\\Views\\modules\\admin_dashboard.php')
 3 SYSTEMPATH\View\View.php(229): CodeIgniter\View\View->CodeIgniter\View\{closure}()
 4 SYSTEMPATH\Common.php(1167): CodeIgniter\View\View->render('modules/admin_dashboard', [], true)
 5 APPPATH\Controllers\DashboardController.php(21): view('modules/admin_dashboard', [...])
 6 SYSTEMPATH\CodeIgniter.php(933): App\Controllers\DashboardController->admin()
 7 SYSTEMPATH\CodeIgniter.php(507): CodeIgniter\CodeIgniter->runController(Object(App\Controllers\DashboardController))
 8 SYSTEMPATH\CodeIgniter.php(354): CodeIgniter\CodeIgniter->handleRequest(null, Object(Config\Cache), false)
 9 SYSTEMPATH\Boot.php(363): CodeIgniter\CodeIgniter->run()
10 SYSTEMPATH\Boot.php(68): CodeIgniter\Boot::runCodeIgniter(Object(CodeIgniter\CodeIgniter))
11 FCPATH\index.php(59): CodeIgniter\Boot::bootWeb(Object(Config\Paths))
12 SYSTEMPATH\rewrite.php(44): require_once('C:\\xampp\\htdocs\\barangay_system\\barangay_system\\public\\index.php')
ERROR - 2025-10-30 18:12:15 --> mysqli_sql_exception: Table 'barangay_system.officials' doesn't exist in C:\xampp\htdocs\barangay_system\barangay_system\system\Database\MySQLi\Connection.php:327
Stack trace:
#0 C:\xampp\htdocs\barangay_system\barangay_system\system\Database\MySQLi\Connection.php(327): mysqli->query('SELECT * FROM o...', 0)
#1 C:\xampp\htdocs\barangay_system\barangay_system\system\Database\BaseConnection.php(729): CodeIgniter\Database\MySQLi\Connection->execute('SELECT * FROM o...')
#2 C:\xampp\htdocs\barangay_system\barangay_system\system\Database\BaseConnection.php(646): CodeIgniter\Database\BaseConnection->simpleQuery('SELECT * FROM o...')
#3 C:\xampp\htdocs\barangay_system\barangay_system\app\Controllers\AdminController.php(39): CodeIgniter\Database\BaseConnection->query('SELECT * FROM o...')
#4 C:\xampp\htdocs\barangay_system\barangay_system\system\CodeIgniter.php(933): App\Controllers\AdminController->officials()
#5 C:\xampp\htdocs\barangay_system\barangay_system\system\CodeIgniter.php(507): CodeIgniter\CodeIgniter->runController(Object(App\Controllers\AdminController))
#6 C:\xampp\htdocs\barangay_system\barangay_system\system\CodeIgniter.php(354): CodeIgniter\CodeIgniter->handleRequest(NULL, Object(Config\Cache), false)
#7 C:\xampp\htdocs\barangay_system\barangay_system\system\Boot.php(363): CodeIgniter\CodeIgniter->run()
#8 C:\xampp\htdocs\barangay_system\barangay_system\system\Boot.php(68): CodeIgniter\Boot::runCodeIgniter(Object(CodeIgniter\CodeIgniter))
#9 C:\xampp\htdocs\barangay_system\barangay_system\public\index.php(59): CodeIgniter\Boot::bootWeb(Object(Config\Paths))
#10 C:\xampp\htdocs\barangay_system\barangay_system\system\rewrite.php(44): require_once('C:\\xampp\\htdocs...')
#11 {main}
CRITICAL - 2025-10-30 18:12:15 --> CodeIgniter\Database\Exceptions\DatabaseException: Table 'barangay_system.officials' doesn't exist
[Method: GET, Route: admin/officials]
in SYSTEMPATH\Database\BaseConnection.php on line 684.
 1 APPPATH\Controllers\AdminController.php(39): CodeIgniter\Database\BaseConnection->query('SELECT * FROM officials')
 2 SYSTEMPATH\CodeIgniter.php(933): App\Controllers\AdminController->officials()
 3 SYSTEMPATH\CodeIgniter.php(507): CodeIgniter\CodeIgniter->runController(Object(App\Controllers\AdminController))
 4 SYSTEMPATH\CodeIgniter.php(354): CodeIgniter\CodeIgniter->handleRequest(null, Object(Config\Cache), false)
 5 SYSTEMPATH\Boot.php(363): CodeIgniter\CodeIgniter->run()
 6 SYSTEMPATH\Boot.php(68): CodeIgniter\Boot::runCodeIgniter(Object(CodeIgniter\CodeIgniter))
 7 FCPATH\index.php(59): CodeIgniter\Boot::bootWeb(Object(Config\Paths))
 8 SYSTEMPATH\rewrite.php(44): require_once('C:\\xampp\\htdocs\\barangay_system\\barangay_system\\public\\index.php')
CRITICAL - 2025-10-30 18:12:15 --> [Caused by] CodeIgniter\Database\Exceptions\DatabaseException: Table 'barangay_system.officials' doesn't exist
in SYSTEMPATH\Database\MySQLi\Connection.php on line 332.
 1 SYSTEMPATH\Database\BaseConnection.php(729): CodeIgniter\Database\MySQLi\Connection->execute('SELECT * FROM officials')
 2 SYSTEMPATH\Database\BaseConnection.php(646): CodeIgniter\Database\BaseConnection->simpleQuery('SELECT * FROM officials')
 3 APPPATH\Controllers\AdminController.php(39): CodeIgniter\Database\BaseConnection->query('SELECT * FROM officials')
 4 SYSTEMPATH\CodeIgniter.php(933): App\Controllers\AdminController->officials()
 5 SYSTEMPATH\CodeIgniter.php(507): CodeIgniter\CodeIgniter->runController(Object(App\Controllers\AdminController))
 6 SYSTEMPATH\CodeIgniter.php(354): CodeIgniter\CodeIgniter->handleRequest(null, Object(Config\Cache), false)
 7 SYSTEMPATH\Boot.php(363): CodeIgniter\CodeIgniter->run()
 8 SYSTEMPATH\Boot.php(68): CodeIgniter\Boot::runCodeIgniter(Object(CodeIgniter\CodeIgniter))
 9 FCPATH\index.php(59): CodeIgniter\Boot::bootWeb(Object(Config\Paths))
10 SYSTEMPATH\rewrite.php(44): require_once('C:\\xampp\\htdocs\\barangay_system\\barangay_system\\public\\index.php')
CRITICAL - 2025-10-30 18:12:15 --> [Caused by] mysqli_sql_exception: Table 'barangay_system.officials' doesn't exist
in SYSTEMPATH\Database\MySQLi\Connection.php on line 327.
 1 SYSTEMPATH\Database\MySQLi\Connection.php(327): mysqli->query('SELECT * FROM officials', 0)
 2 SYSTEMPATH\Database\BaseConnection.php(729): CodeIgniter\Database\MySQLi\Connection->execute('SELECT * FROM officials')
 3 SYSTEMPATH\Database\BaseConnection.php(646): CodeIgniter\Database\BaseConnection->simpleQuery('SELECT * FROM officials')
 4 APPPATH\Controllers\AdminController.php(39): CodeIgniter\Database\BaseConnection->query('SELECT * FROM officials')
 5 SYSTEMPATH\CodeIgniter.php(933): App\Controllers\AdminController->officials()
 6 SYSTEMPATH\CodeIgniter.php(507): CodeIgniter\CodeIgniter->runController(Object(App\Controllers\AdminController))
 7 SYSTEMPATH\CodeIgniter.php(354): CodeIgniter\CodeIgniter->handleRequest(null, Object(Config\Cache), false)
 8 SYSTEMPATH\Boot.php(363): CodeIgniter\CodeIgniter->run()
 9 SYSTEMPATH\Boot.php(68): CodeIgniter\Boot::runCodeIgniter(Object(CodeIgniter\CodeIgniter))
10 FCPATH\index.php(59): CodeIgniter\Boot::bootWeb(Object(Config\Paths))
11 SYSTEMPATH\rewrite.php(44): require_once('C:\\xampp\\htdocs\\barangay_system\\barangay_system\\public\\index.php')
ERROR - 2025-10-30 18:12:15 --> mysqli_sql_exception: Table 'barangay_system.officials' doesn't exist in C:\xampp\htdocs\barangay_system\barangay_system\system\Database\MySQLi\Connection.php:327
Stack trace:
#0 C:\xampp\htdocs\barangay_system\barangay_system\system\Database\MySQLi\Connection.php(327): mysqli->query('SELECT * FROM o...', 0)
#1 C:\xampp\htdocs\barangay_system\barangay_system\system\Database\BaseConnection.php(729): CodeIgniter\Database\MySQLi\Connection->execute('SELECT * FROM o...')
#2 C:\xampp\htdocs\barangay_system\barangay_system\system\Database\BaseConnection.php(646): CodeIgniter\Database\BaseConnection->simpleQuery('SELECT * FROM o...')
#3 C:\xampp\htdocs\barangay_system\barangay_system\app\Controllers\AdminController.php(39): CodeIgniter\Database\BaseConnection->query('SELECT * FROM o...')
#4 C:\xampp\htdocs\barangay_system\barangay_system\system\CodeIgniter.php(933): App\Controllers\AdminController->officials()
#5 C:\xampp\htdocs\barangay_system\barangay_system\system\CodeIgniter.php(507): CodeIgniter\CodeIgniter->runController(Object(App\Controllers\AdminController))
#6 C:\xampp\htdocs\barangay_system\barangay_system\system\CodeIgniter.php(354): CodeIgniter\CodeIgniter->handleRequest(NULL, Object(Config\Cache), false)
#7 C:\xampp\htdocs\barangay_system\barangay_system\system\Boot.php(363): CodeIgniter\CodeIgniter->run()
#8 C:\xampp\htdocs\barangay_system\barangay_system\system\Boot.php(68): CodeIgniter\Boot::runCodeIgniter(Object(CodeIgniter\CodeIgniter))
#9 C:\xampp\htdocs\barangay_system\barangay_system\public\index.php(59): CodeIgniter\Boot::bootWeb(Object(Config\Paths))
#10 C:\xampp\htdocs\barangay_system\barangay_system\system\rewrite.php(44): require_once('C:\\xampp\\htdocs...')
#11 {main}
CRITICAL - 2025-10-30 18:12:15 --> CodeIgniter\Database\Exceptions\DatabaseException: Table 'barangay_system.officials' doesn't exist
[Method: GET, Route: admin/officials]
in SYSTEMPATH\Database\BaseConnection.php on line 684.
 1 APPPATH\Controllers\AdminController.php(39): CodeIgniter\Database\BaseConnection->query('SELECT * FROM officials')
 2 SYSTEMPATH\CodeIgniter.php(933): App\Controllers\AdminController->officials()
 3 SYSTEMPATH\CodeIgniter.php(507): CodeIgniter\CodeIgniter->runController(Object(App\Controllers\AdminController))
 4 SYSTEMPATH\CodeIgniter.php(354): CodeIgniter\CodeIgniter->handleRequest(null, Object(Config\Cache), false)
 5 SYSTEMPATH\Boot.php(363): CodeIgniter\CodeIgniter->run()
 6 SYSTEMPATH\Boot.php(68): CodeIgniter\Boot::runCodeIgniter(Object(CodeIgniter\CodeIgniter))
 7 FCPATH\index.php(59): CodeIgniter\Boot::bootWeb(Object(Config\Paths))
 8 SYSTEMPATH\rewrite.php(44): require_once('C:\\xampp\\htdocs\\barangay_system\\barangay_system\\public\\index.php')
CRITICAL - 2025-10-30 18:12:15 --> [Caused by] CodeIgniter\Database\Exceptions\DatabaseException: Table 'barangay_system.officials' doesn't exist
in SYSTEMPATH\Database\MySQLi\Connection.php on line 332.
 1 SYSTEMPATH\Database\BaseConnection.php(729): CodeIgniter\Database\MySQLi\Connection->execute('SELECT * FROM officials')
 2 SYSTEMPATH\Database\BaseConnection.php(646): CodeIgniter\Database\BaseConnection->simpleQuery('SELECT * FROM officials')
 3 APPPATH\Controllers\AdminController.php(39): CodeIgniter\Database\BaseConnection->query('SELECT * FROM officials')
 4 SYSTEMPATH\CodeIgniter.php(933): App\Controllers\AdminController->officials()
 5 SYSTEMPATH\CodeIgniter.php(507): CodeIgniter\CodeIgniter->runController(Object(App\Controllers\AdminController))
 6 SYSTEMPATH\CodeIgniter.php(354): CodeIgniter\CodeIgniter->handleRequest(null, Object(Config\Cache), false)
 7 SYSTEMPATH\Boot.php(363): CodeIgniter\CodeIgniter->run()
 8 SYSTEMPATH\Boot.php(68): CodeIgniter\Boot::runCodeIgniter(Object(CodeIgniter\CodeIgniter))
 9 FCPATH\index.php(59): CodeIgniter\Boot::bootWeb(Object(Config\Paths))
10 SYSTEMPATH\rewrite.php(44): require_once('C:\\xampp\\htdocs\\barangay_system\\barangay_system\\public\\index.php')
CRITICAL - 2025-10-30 18:12:15 --> [Caused by] mysqli_sql_exception: Table 'barangay_system.officials' doesn't exist
in SYSTEMPATH\Database\MySQLi\Connection.php on line 327.
 1 SYSTEMPATH\Database\MySQLi\Connection.php(327): mysqli->query('SELECT * FROM officials', 0)
 2 SYSTEMPATH\Database\BaseConnection.php(729): CodeIgniter\Database\MySQLi\Connection->execute('SELECT * FROM officials')
 3 SYSTEMPATH\Database\BaseConnection.php(646): CodeIgniter\Database\BaseConnection->simpleQuery('SELECT * FROM officials')
 4 APPPATH\Controllers\AdminController.php(39): CodeIgniter\Database\BaseConnection->query('SELECT * FROM officials')
 5 SYSTEMPATH\CodeIgniter.php(933): App\Controllers\AdminController->officials()
 6 SYSTEMPATH\CodeIgniter.php(507): CodeIgniter\CodeIgniter->runController(Object(App\Controllers\AdminController))
 7 SYSTEMPATH\CodeIgniter.php(354): CodeIgniter\CodeIgniter->handleRequest(null, Object(Config\Cache), false)
 8 SYSTEMPATH\Boot.php(363): CodeIgniter\CodeIgniter->run()
 9 SYSTEMPATH\Boot.php(68): CodeIgniter\Boot::runCodeIgniter(Object(CodeIgniter\CodeIgniter))
10 FCPATH\index.php(59): CodeIgniter\Boot::bootWeb(Object(Config\Paths))
11 SYSTEMPATH\rewrite.php(44): require_once('C:\\xampp\\htdocs\\barangay_system\\barangay_system\\public\\index.php')
ERROR - 2025-10-30 18:12:31 --> mysqli_sql_exception: Table 'barangay_system.officials' doesn't exist in C:\xampp\htdocs\barangay_system\barangay_system\system\Database\MySQLi\Connection.php:327
Stack trace:
#0 C:\xampp\htdocs\barangay_system\barangay_system\system\Database\MySQLi\Connection.php(327): mysqli->query('SELECT * FROM o...', 0)
#1 C:\xampp\htdocs\barangay_system\barangay_system\system\Database\BaseConnection.php(729): CodeIgniter\Database\MySQLi\Connection->execute('SELECT * FROM o...')
#2 C:\xampp\htdocs\barangay_system\barangay_system\system\Database\BaseConnection.php(646): CodeIgniter\Database\BaseConnection->simpleQuery('SELECT * FROM o...')
#3 C:\xampp\htdocs\barangay_system\barangay_system\app\Controllers\AdminController.php(39): CodeIgniter\Database\BaseConnection->query('SELECT * FROM o...')
#4 C:\xampp\htdocs\barangay_system\barangay_system\system\CodeIgniter.php(933): App\Controllers\AdminController->officials()
#5 C:\xampp\htdocs\barangay_system\barangay_system\system\CodeIgniter.php(507): CodeIgniter\CodeIgniter->runController(Object(App\Controllers\AdminController))
#6 C:\xampp\htdocs\barangay_system\barangay_system\system\CodeIgniter.php(354): CodeIgniter\CodeIgniter->handleRequest(NULL, Object(Config\Cache), false)
#7 C:\xampp\htdocs\barangay_system\barangay_system\system\Boot.php(363): CodeIgniter\CodeIgniter->run()
#8 C:\xampp\htdocs\barangay_system\barangay_system\system\Boot.php(68): CodeIgniter\Boot::runCodeIgniter(Object(CodeIgniter\CodeIgniter))
#9 C:\xampp\htdocs\barangay_system\barangay_system\public\index.php(59): CodeIgniter\Boot::bootWeb(Object(Config\Paths))
#10 C:\xampp\htdocs\barangay_system\barangay_system\system\rewrite.php(44): require_once('C:\\xampp\\htdocs...')
#11 {main}
CRITICAL - 2025-10-30 18:12:31 --> CodeIgniter\Database\Exceptions\DatabaseException: Table 'barangay_system.officials' doesn't exist
[Method: GET, Route: admin/officials]
in SYSTEMPATH\Database\BaseConnection.php on line 684.
 1 APPPATH\Controllers\AdminController.php(39): CodeIgniter\Database\BaseConnection->query('SELECT * FROM officials')
 2 SYSTEMPATH\CodeIgniter.php(933): App\Controllers\AdminController->officials()
 3 SYSTEMPATH\CodeIgniter.php(507): CodeIgniter\CodeIgniter->runController(Object(App\Controllers\AdminController))
 4 SYSTEMPATH\CodeIgniter.php(354): CodeIgniter\CodeIgniter->handleRequest(null, Object(Config\Cache), false)
 5 SYSTEMPATH\Boot.php(363): CodeIgniter\CodeIgniter->run()
 6 SYSTEMPATH\Boot.php(68): CodeIgniter\Boot::runCodeIgniter(Object(CodeIgniter\CodeIgniter))
 7 FCPATH\index.php(59): CodeIgniter\Boot::bootWeb(Object(Config\Paths))
 8 SYSTEMPATH\rewrite.php(44): require_once('C:\\xampp\\htdocs\\barangay_system\\barangay_system\\public\\index.php')
CRITICAL - 2025-10-30 18:12:31 --> [Caused by] CodeIgniter\Database\Exceptions\DatabaseException: Table 'barangay_system.officials' doesn't exist
in SYSTEMPATH\Database\MySQLi\Connection.php on line 332.
 1 SYSTEMPATH\Database\BaseConnection.php(729): CodeIgniter\Database\MySQLi\Connection->execute('SELECT * FROM officials')
 2 SYSTEMPATH\Database\BaseConnection.php(646): CodeIgniter\Database\BaseConnection->simpleQuery('SELECT * FROM officials')
 3 APPPATH\Controllers\AdminController.php(39): CodeIgniter\Database\BaseConnection->query('SELECT * FROM officials')
 4 SYSTEMPATH\CodeIgniter.php(933): App\Controllers\AdminController->officials()
 5 SYSTEMPATH\CodeIgniter.php(507): CodeIgniter\CodeIgniter->runController(Object(App\Controllers\AdminController))
 6 SYSTEMPATH\CodeIgniter.php(354): CodeIgniter\CodeIgniter->handleRequest(null, Object(Config\Cache), false)
 7 SYSTEMPATH\Boot.php(363): CodeIgniter\CodeIgniter->run()
 8 SYSTEMPATH\Boot.php(68): CodeIgniter\Boot::runCodeIgniter(Object(CodeIgniter\CodeIgniter))
 9 FCPATH\index.php(59): CodeIgniter\Boot::bootWeb(Object(Config\Paths))
10 SYSTEMPATH\rewrite.php(44): require_once('C:\\xampp\\htdocs\\barangay_system\\barangay_system\\public\\index.php')
CRITICAL - 2025-10-30 18:12:31 --> [Caused by] mysqli_sql_exception: Table 'barangay_system.officials' doesn't exist
in SYSTEMPATH\Database\MySQLi\Connection.php on line 327.
 1 SYSTEMPATH\Database\MySQLi\Connection.php(327): mysqli->query('SELECT * FROM officials', 0)
 2 SYSTEMPATH\Database\BaseConnection.php(729): CodeIgniter\Database\MySQLi\Connection->execute('SELECT * FROM officials')
 3 SYSTEMPATH\Database\BaseConnection.php(646): CodeIgniter\Database\BaseConnection->simpleQuery('SELECT * FROM officials')
 4 APPPATH\Controllers\AdminController.php(39): CodeIgniter\Database\BaseConnection->query('SELECT * FROM officials')
 5 SYSTEMPATH\CodeIgniter.php(933): App\Controllers\AdminController->officials()
 6 SYSTEMPATH\CodeIgniter.php(507): CodeIgniter\CodeIgniter->runController(Object(App\Controllers\AdminController))
 7 SYSTEMPATH\CodeIgniter.php(354): CodeIgniter\CodeIgniter->handleRequest(null, Object(Config\Cache), false)
 8 SYSTEMPATH\Boot.php(363): CodeIgniter\CodeIgniter->run()
 9 SYSTEMPATH\Boot.php(68): CodeIgniter\Boot::runCodeIgniter(Object(CodeIgniter\CodeIgniter))
10 FCPATH\index.php(59): CodeIgniter\Boot::bootWeb(Object(Config\Paths))
11 SYSTEMPATH\rewrite.php(44): require_once('C:\\xampp\\htdocs\\barangay_system\\barangay_system\\public\\index.php')
DEBUG - 2025-10-30 18:14:02 --> Session: Class initialized using 'CodeIgniter\Session\Handlers\FileHandler' driver.
DEBUG - 2025-10-30 18:14:04 --> Session: Class initialized using 'CodeIgniter\Session\Handlers\FileHandler' driver.
DEBUG - 2025-10-30 18:14:09 --> Session: Class initialized using 'CodeIgniter\Session\Handlers\FileHandler' driver.
DEBUG - 2025-10-30 18:14:23 --> Session: Class initialized using 'CodeIgniter\Session\Handlers\FileHandler' driver.
DEBUG - 2025-10-30 18:16:29 --> Session: Class initialized using 'CodeIgniter\Session\Handlers\FileHandler' driver.
DEBUG - 2025-10-30 18:16:36 --> Session: Class initialized using 'CodeIgniter\Session\Handlers\FileHandler' driver.
DEBUG - 2025-10-30 18:16:51 --> Session: Class initialized using 'CodeIgniter\Session\Handlers\FileHandler' driver.
DEBUG - 2025-10-30 18:16:51 --> Session: Class initialized using 'CodeIgniter\Session\Handlers\FileHandler' driver.
DEBUG - 2025-10-30 18:16:59 --> Session: Class initialized using 'CodeIgniter\Session\Handlers\FileHandler' driver.
DEBUG - 2025-10-30 18:17:32 --> Session: Class initialized using 'CodeIgniter\Session\Handlers\FileHandler' driver.
DEBUG - 2025-10-30 18:17:50 --> Session: Class initialized using 'CodeIgniter\Session\Handlers\FileHandler' driver.
DEBUG - 2025-10-30 18:17:59 --> Session: Class initialized using 'CodeIgniter\Session\Handlers\FileHandler' driver.
DEBUG - 2025-10-30 18:18:03 --> Session: Class initialized using 'CodeIgniter\Session\Handlers\FileHandler' driver.
DEBUG - 2025-10-30 18:18:54 --> Session: Class initialized using 'CodeIgniter\Session\Handlers\FileHandler' driver.
DEBUG - 2025-10-30 18:18:56 --> Session: Class initialized using 'CodeIgniter\Session\Handlers\FileHandler' driver.
DEBUG - 2025-10-30 18:19:06 --> Session: Class initialized using 'CodeIgniter\Session\Handlers\FileHandler' driver.
DEBUG - 2025-10-30 18:19:08 --> Session: Class initialized using 'CodeIgniter\Session\Handlers\FileHandler' driver.
DEBUG - 2025-10-30 18:21:26 --> Session: Class initialized using 'CodeIgniter\Session\Handlers\FileHandler' driver.
DEBUG - 2025-10-30 18:21:31 --> Session: Class initialized using 'CodeIgniter\Session\Handlers\FileHandler' driver.
DEBUG - 2025-10-30 18:24:19 --> Session: Class initialized using 'CodeIgniter\Session\Handlers\FileHandler' driver.
DEBUG - 2025-10-30 18:24:25 --> Session: Class initialized using 'CodeIgniter\Session\Handlers\FileHandler' driver.
DEBUG - 2025-10-30 18:24:25 --> Session: Class initialized using 'CodeIgniter\Session\Handlers\FileHandler' driver.
DEBUG - 2025-10-30 18:24:35 --> Session: Class initialized using 'CodeIgniter\Session\Handlers\FileHandler' driver.
DEBUG - 2025-10-30 18:24:41 --> Session: Class initialized using 'CodeIgniter\Session\Handlers\FileHandler' driver.
DEBUG - 2025-10-30 18:24:43 --> Session: Class initialized using 'CodeIgniter\Session\Handlers\FileHandler' driver.
DEBUG - 2025-10-30 18:24:45 --> Session: Class initialized using 'CodeIgniter\Session\Handlers\FileHandler' driver.
DEBUG - 2025-10-30 18:24:57 --> Session: Class initialized using 'CodeIgniter\Session\Handlers\FileHandler' driver.
DEBUG - 2025-10-30 18:25:03 --> Session: Class initialized using 'CodeIgniter\Session\Handlers\FileHandler' driver.
DEBUG - 2025-10-30 18:25:06 --> Session: Class initialized using 'CodeIgniter\Session\Handlers\FileHandler' driver.
DEBUG - 2025-10-30 18:25:07 --> Session: Class initialized using 'CodeIgniter\Session\Handlers\FileHandler' driver.
DEBUG - 2025-10-30 18:25:11 --> Session: Class initialized using 'CodeIgniter\Session\Handlers\FileHandler' driver.
DEBUG - 2025-10-30 18:25:20 --> Session: Class initialized using 'CodeIgniter\Session\Handlers\FileHandler' driver.
DEBUG - 2025-10-30 18:26:43 --> Session: Class initialized using 'CodeIgniter\Session\Handlers\FileHandler' driver.
DEBUG - 2025-10-30 18:26:46 --> Session: Class initialized using 'CodeIgniter\Session\Handlers\FileHandler' driver.
DEBUG - 2025-10-30 18:26:49 --> Session: Class initialized using 'CodeIgniter\Session\Handlers\FileHandler' driver.
DEBUG - 2025-10-30 18:26:52 --> Session: Class initialized using 'CodeIgniter\Session\Handlers\FileHandler' driver.
DEBUG - 2025-10-30 18:27:03 --> Session: Class initialized using 'CodeIgniter\Session\Handlers\FileHandler' driver.
CRITICAL - 2025-10-30 18:29:30 --> ErrorException: Undefined array key "first_name"
[Method: GET, Route: admin/residents]
in APPPATH\Views\modules\manage_residents.php on line 95.
 1 APPPATH\Views\modules\manage_residents.php(95): CodeIgniter\Debug\Exceptions->errorHandler(2, 'Undefined array key "first_name"', 'C:\\xampp\\htdocs\\barangay_system\\barangay_system\\app\\Views\\modules\\manage_residents.php', 95)
 2 SYSTEMPATH\View\View.php(226): include('C:\\xampp\\htdocs\\barangay_system\\barangay_system\\app\\Views\\modules\\manage_residents.php')
 3 SYSTEMPATH\View\View.php(229): CodeIgniter\View\View->CodeIgniter\View\{closure}()
 4 SYSTEMPATH\Common.php(1167): CodeIgniter\View\View->render('modules/manage_residents', [], true)
 5 APPPATH\Controllers\ResidentController.php(13): view('modules/manage_residents', [...])
 6 SYSTEMPATH\CodeIgniter.php(933): App\Controllers\ResidentController->index()
 7 SYSTEMPATH\CodeIgniter.php(507): CodeIgniter\CodeIgniter->runController(Object(App\Controllers\ResidentController))
 8 SYSTEMPATH\CodeIgniter.php(354): CodeIgniter\CodeIgniter->handleRequest(null, Object(Config\Cache), false)
 9 SYSTEMPATH\Boot.php(363): CodeIgniter\CodeIgniter->run()
10 SYSTEMPATH\Boot.php(68): CodeIgniter\Boot::runCodeIgniter(Object(CodeIgniter\CodeIgniter))
11 FCPATH\index.php(59): CodeIgniter\Boot::bootWeb(Object(Config\Paths))
12 SYSTEMPATH\rewrite.php(44): require_once('C:\\xampp\\htdocs\\barangay_system\\barangay_system\\public\\index.php')
DEBUG - 2025-10-30 18:31:14 --> Session: Class initialized using 'CodeIgniter\Session\Handlers\FileHandler' driver.
DEBUG - 2025-10-30 18:31:15 --> Session: Class initialized using 'CodeIgniter\Session\Handlers\FileHandler' driver.
CRITICAL - 2025-10-30 18:31:15 --> ErrorException: Undefined array key "first_name"
[Method: GET, Route: admin/residents]
in APPPATH\Views\modules\manage_residents.php on line 100.
 1 APPPATH\Views\modules\manage_residents.php(100): CodeIgniter\Debug\Exceptions->errorHandler(2, 'Undefined array key "first_name"', 'C:\\xampp\\htdocs\\barangay_system\\barangay_system\\app\\Views\\modules\\manage_residents.php', 100)
 2 SYSTEMPATH\View\View.php(226): include('C:\\xampp\\htdocs\\barangay_system\\barangay_system\\app\\Views\\modules\\manage_residents.php')
 3 SYSTEMPATH\View\View.php(229): CodeIgniter\View\View->CodeIgniter\View\{closure}()
 4 SYSTEMPATH\Common.php(1167): CodeIgniter\View\View->render('modules/manage_residents', [], true)
 5 APPPATH\Controllers\ResidentController.php(13): view('modules/manage_residents', [...])
 6 SYSTEMPATH\CodeIgniter.php(933): App\Controllers\ResidentController->index()
 7 SYSTEMPATH\CodeIgniter.php(507): CodeIgniter\CodeIgniter->runController(Object(App\Controllers\ResidentController))
 8 SYSTEMPATH\CodeIgniter.php(354): CodeIgniter\CodeIgniter->handleRequest(null, Object(Config\Cache), false)
 9 SYSTEMPATH\Boot.php(363): CodeIgniter\CodeIgniter->run()
10 SYSTEMPATH\Boot.php(68): CodeIgniter\Boot::runCodeIgniter(Object(CodeIgniter\CodeIgniter))
11 FCPATH\index.php(59): CodeIgniter\Boot::bootWeb(Object(Config\Paths))
12 SYSTEMPATH\rewrite.php(44): require_once('C:\\xampp\\htdocs\\barangay_system\\barangay_system\\public\\index.php')
DEBUG - 2025-10-30 18:31:19 --> Session: Class initialized using 'CodeIgniter\Session\Handlers\FileHandler' driver.
DEBUG - 2025-10-30 18:31:22 --> Session: Class initialized using 'CodeIgniter\Session\Handlers\FileHandler' driver.
DEBUG - 2025-10-30 18:31:32 --> Session: Class initialized using 'CodeIgniter\Session\Handlers\FileHandler' driver.
DEBUG - 2025-10-30 18:31:41 --> Session: Class initialized using 'CodeIgniter\Session\Handlers\FileHandler' driver.
DEBUG - 2025-10-30 18:31:44 --> Session: Class initialized using 'CodeIgniter\Session\Handlers\FileHandler' driver.
DEBUG - 2025-10-30 18:31:47 --> Session: Class initialized using 'CodeIgniter\Session\Handlers\FileHandler' driver.
DEBUG - 2025-10-30 18:31:55 --> Session: Class initialized using 'CodeIgniter\Session\Handlers\FileHandler' driver.
DEBUG - 2025-10-30 18:32:03 --> Session: Class initialized using 'CodeIgniter\Session\Handlers\FileHandler' driver.
DEBUG - 2025-10-30 18:32:06 --> Session: Class initialized using 'CodeIgniter\Session\Handlers\FileHandler' driver.
CRITICAL - 2025-10-30 18:32:36 --> CodeIgniter\View\Exceptions\ViewException: Invalid file: "modules/manage_certification.php"
[Method: GET, Route: admin/certification]
in SYSTEMPATH\Exceptions\FrameworkException.php on line 39.
 1 SYSTEMPATH\View\View.php(214): CodeIgniter\Exceptions\FrameworkException::forInvalidFile('modules/manage_certification.php')
 2 SYSTEMPATH\Common.php(1167): CodeIgniter\View\View->render('modules/manage_certification', [], true)
 3 APPPATH\Controllers\AdminController.php(85): view('modules/manage_certification')
 4 SYSTEMPATH\CodeIgniter.php(933): App\Controllers\AdminController->certification()
 5 SYSTEMPATH\CodeIgniter.php(507): CodeIgniter\CodeIgniter->runController(Object(App\Controllers\AdminController))
 6 SYSTEMPATH\CodeIgniter.php(354): CodeIgniter\CodeIgniter->handleRequest(null, Object(Config\Cache), false)
 7 SYSTEMPATH\Boot.php(363): CodeIgniter\CodeIgniter->run()
 8 SYSTEMPATH\Boot.php(68): CodeIgniter\Boot::runCodeIgniter(Object(CodeIgniter\CodeIgniter))
 9 FCPATH\index.php(59): CodeIgniter\Boot::bootWeb(Object(Config\Paths))
10 SYSTEMPATH\rewrite.php(44): require_once('C:\\xampp\\htdocs\\barangay_system\\barangay_system\\public\\index.php')
DEBUG - 2025-10-30 18:33:32 --> Session: Class initialized using 'CodeIgniter\Session\Handlers\FileHandler' driver.
DEBUG - 2025-10-30 18:40:03 --> Session: Class initialized using 'CodeIgniter\Session\Handlers\FileHandler' driver.
CRITICAL - 2025-10-30 18:40:03 --> ErrorException: Undefined variable $requests
[Method: GET, Route: admin/certification]
in APPPATH\Views\modules\manage_certification.php on line 87.
 1 APPPATH\Views\modules\manage_certification.php(87): CodeIgniter\Debug\Exceptions->errorHandler(2, 'Undefined variable $requests', 'C:\\xampp\\htdocs\\barangay_system\\barangay_system\\app\\Views\\modules\\manage_certification.php', 87)
 2 SYSTEMPATH\View\View.php(226): include('C:\\xampp\\htdocs\\barangay_system\\barangay_system\\app\\Views\\modules\\manage_certification.php')
 3 SYSTEMPATH\View\View.php(229): CodeIgniter\View\View->CodeIgniter\View\{closure}()
 4 SYSTEMPATH\Common.php(1167): CodeIgniter\View\View->render('modules/manage_certification', [], true)
 5 APPPATH\Controllers\AdminController.php(85): view('modules/manage_certification')
 6 SYSTEMPATH\CodeIgniter.php(933): App\Controllers\AdminController->certification()
 7 SYSTEMPATH\CodeIgniter.php(507): CodeIgniter\CodeIgniter->runController(Object(App\Controllers\AdminController))
 8 SYSTEMPATH\CodeIgniter.php(354): CodeIgniter\CodeIgniter->handleRequest(null, Object(Config\Cache), false)
 9 SYSTEMPATH\Boot.php(363): CodeIgniter\CodeIgniter->run()
10 SYSTEMPATH\Boot.php(68): CodeIgniter\Boot::runCodeIgniter(Object(CodeIgniter\CodeIgniter))
11 FCPATH\index.php(59): CodeIgniter\Boot::bootWeb(Object(Config\Paths))
12 SYSTEMPATH\rewrite.php(44): require_once('C:\\xampp\\htdocs\\barangay_system\\barangay_system\\public\\index.php')
DEBUG - 2025-10-30 18:41:59 --> Session: Class initialized using 'CodeIgniter\Session\Handlers\FileHandler' driver.
CRITICAL - 2025-10-30 18:41:59 --> ErrorException: Undefined variable $requests
[Method: GET, Route: admin/certification]
in APPPATH\Views\modules\manage_certification.php on line 87.
 1 APPPATH\Views\modules\manage_certification.php(87): CodeIgniter\Debug\Exceptions->errorHandler(2, 'Undefined variable $requests', 'C:\\xampp\\htdocs\\barangay_system\\barangay_system\\app\\Views\\modules\\manage_certification.php', 87)
 2 SYSTEMPATH\View\View.php(226): include('C:\\xampp\\htdocs\\barangay_system\\barangay_system\\app\\Views\\modules\\manage_certification.php')
 3 SYSTEMPATH\View\View.php(229): CodeIgniter\View\View->CodeIgniter\View\{closure}()
 4 SYSTEMPATH\Common.php(1167): CodeIgniter\View\View->render('modules/manage_certification', [], true)
 5 APPPATH\Controllers\AdminController.php(85): view('modules/manage_certification')
 6 SYSTEMPATH\CodeIgniter.php(933): App\Controllers\AdminController->certification()
 7 SYSTEMPATH\CodeIgniter.php(507): CodeIgniter\CodeIgniter->runController(Object(App\Controllers\AdminController))
 8 SYSTEMPATH\CodeIgniter.php(354): CodeIgniter\CodeIgniter->handleRequest(null, Object(Config\Cache), false)
 9 SYSTEMPATH\Boot.php(363): CodeIgniter\CodeIgniter->run()
10 SYSTEMPATH\Boot.php(68): CodeIgniter\Boot::runCodeIgniter(Object(CodeIgniter\CodeIgniter))
11 FCPATH\index.php(59): CodeIgniter\Boot::bootWeb(Object(Config\Paths))
12 SYSTEMPATH\rewrite.php(44): require_once('C:\\xampp\\htdocs\\barangay_system\\barangay_system\\public\\index.php')
DEBUG - 2025-10-30 18:42:04 --> Session: Class initialized using 'CodeIgniter\Session\Handlers\FileHandler' driver.
DEBUG - 2025-10-30 18:42:06 --> Session: Class initialized using 'CodeIgniter\Session\Handlers\FileHandler' driver.
CRITICAL - 2025-10-30 18:42:06 --> ErrorException: Undefined variable $requests
[Method: GET, Route: admin/certification]
in APPPATH\Views\modules\manage_certification.php on line 87.
 1 APPPATH\Views\modules\manage_certification.php(87): CodeIgniter\Debug\Exceptions->errorHandler(2, 'Undefined variable $requests', 'C:\\xampp\\htdocs\\barangay_system\\barangay_system\\app\\Views\\modules\\manage_certification.php', 87)
 2 SYSTEMPATH\View\View.php(226): include('C:\\xampp\\htdocs\\barangay_system\\barangay_system\\app\\Views\\modules\\manage_certification.php')
 3 SYSTEMPATH\View\View.php(229): CodeIgniter\View\View->CodeIgniter\View\{closure}()
 4 SYSTEMPATH\Common.php(1167): CodeIgniter\View\View->render('modules/manage_certification', [], true)
 5 APPPATH\Controllers\AdminController.php(85): view('modules/manage_certification')
 6 SYSTEMPATH\CodeIgniter.php(933): App\Controllers\AdminController->certification()
 7 SYSTEMPATH\CodeIgniter.php(507): CodeIgniter\CodeIgniter->runController(Object(App\Controllers\AdminController))
 8 SYSTEMPATH\CodeIgniter.php(354): CodeIgniter\CodeIgniter->handleRequest(null, Object(Config\Cache), false)
 9 SYSTEMPATH\Boot.php(363): CodeIgniter\CodeIgniter->run()
10 SYSTEMPATH\Boot.php(68): CodeIgniter\Boot::runCodeIgniter(Object(CodeIgniter\CodeIgniter))
11 FCPATH\index.php(59): CodeIgniter\Boot::bootWeb(Object(Config\Paths))
12 SYSTEMPATH\rewrite.php(44): require_once('C:\\xampp\\htdocs\\barangay_system\\barangay_system\\public\\index.php')
DEBUG - 2025-10-30 18:43:34 --> Session: Class initialized using 'CodeIgniter\Session\Handlers\FileHandler' driver.
CRITICAL - 2025-10-30 18:43:34 --> ErrorException: Undefined variable $requests
[Method: GET, Route: admin/certification]
in APPPATH\Views\modules\manage_certification.php on line 87.
 1 APPPATH\Views\modules\manage_certification.php(87): CodeIgniter\Debug\Exceptions->errorHandler(2, 'Undefined variable $requests', 'C:\\xampp\\htdocs\\barangay_system\\barangay_system\\app\\Views\\modules\\manage_certification.php', 87)
 2 SYSTEMPATH\View\View.php(226): include('C:\\xampp\\htdocs\\barangay_system\\barangay_system\\app\\Views\\modules\\manage_certification.php')
 3 SYSTEMPATH\View\View.php(229): CodeIgniter\View\View->CodeIgniter\View\{closure}()
 4 SYSTEMPATH\Common.php(1167): CodeIgniter\View\View->render('modules/manage_certification', [], true)
 5 APPPATH\Controllers\AdminController.php(85): view('modules/manage_certification')
 6 SYSTEMPATH\CodeIgniter.php(933): App\Controllers\AdminController->certification()
 7 SYSTEMPATH\CodeIgniter.php(507): CodeIgniter\CodeIgniter->runController(Object(App\Controllers\AdminController))
 8 SYSTEMPATH\CodeIgniter.php(354): CodeIgniter\CodeIgniter->handleRequest(null, Object(Config\Cache), false)
 9 SYSTEMPATH\Boot.php(363): CodeIgniter\CodeIgniter->run()
10 SYSTEMPATH\Boot.php(68): CodeIgniter\Boot::runCodeIgniter(Object(CodeIgniter\CodeIgniter))
11 FCPATH\index.php(59): CodeIgniter\Boot::bootWeb(Object(Config\Paths))
12 SYSTEMPATH\rewrite.php(44): require_once('C:\\xampp\\htdocs\\barangay_system\\barangay_system\\public\\index.php')
DEBUG - 2025-10-30 18:43:35 --> Session: Class initialized using 'CodeIgniter\Session\Handlers\FileHandler' driver.
CRITICAL - 2025-10-30 18:43:35 --> ErrorException: Undefined variable $requests
[Method: GET, Route: admin/certification]
in APPPATH\Views\modules\manage_certification.php on line 87.
 1 APPPATH\Views\modules\manage_certification.php(87): CodeIgniter\Debug\Exceptions->errorHandler(2, 'Undefined variable $requests', 'C:\\xampp\\htdocs\\barangay_system\\barangay_system\\app\\Views\\modules\\manage_certification.php', 87)
 2 SYSTEMPATH\View\View.php(226): include('C:\\xampp\\htdocs\\barangay_system\\barangay_system\\app\\Views\\modules\\manage_certification.php')
 3 SYSTEMPATH\View\View.php(229): CodeIgniter\View\View->CodeIgniter\View\{closure}()
 4 SYSTEMPATH\Common.php(1167): CodeIgniter\View\View->render('modules/manage_certification', [], true)
 5 APPPATH\Controllers\AdminController.php(85): view('modules/manage_certification')
 6 SYSTEMPATH\CodeIgniter.php(933): App\Controllers\AdminController->certification()
 7 SYSTEMPATH\CodeIgniter.php(507): CodeIgniter\CodeIgniter->runController(Object(App\Controllers\AdminController))
 8 SYSTEMPATH\CodeIgniter.php(354): CodeIgniter\CodeIgniter->handleRequest(null, Object(Config\Cache), false)
 9 SYSTEMPATH\Boot.php(363): CodeIgniter\CodeIgniter->run()
10 SYSTEMPATH\Boot.php(68): CodeIgniter\Boot::runCodeIgniter(Object(CodeIgniter\CodeIgniter))
11 FCPATH\index.php(59): CodeIgniter\Boot::bootWeb(Object(Config\Paths))
12 SYSTEMPATH\rewrite.php(44): require_once('C:\\xampp\\htdocs\\barangay_system\\barangay_system\\public\\index.php')
DEBUG - 2025-10-30 18:43:35 --> Session: Class initialized using 'CodeIgniter\Session\Handlers\FileHandler' driver.
CRITICAL - 2025-10-30 18:43:35 --> ErrorException: Undefined variable $requests
[Method: GET, Route: admin/certification]
in APPPATH\Views\modules\manage_certification.php on line 87.
 1 APPPATH\Views\modules\manage_certification.php(87): CodeIgniter\Debug\Exceptions->errorHandler(2, 'Undefined variable $requests', 'C:\\xampp\\htdocs\\barangay_system\\barangay_system\\app\\Views\\modules\\manage_certification.php', 87)
 2 SYSTEMPATH\View\View.php(226): include('C:\\xampp\\htdocs\\barangay_system\\barangay_system\\app\\Views\\modules\\manage_certification.php')
 3 SYSTEMPATH\View\View.php(229): CodeIgniter\View\View->CodeIgniter\View\{closure}()
 4 SYSTEMPATH\Common.php(1167): CodeIgniter\View\View->render('modules/manage_certification', [], true)
 5 APPPATH\Controllers\AdminController.php(85): view('modules/manage_certification')
 6 SYSTEMPATH\CodeIgniter.php(933): App\Controllers\AdminController->certification()
 7 SYSTEMPATH\CodeIgniter.php(507): CodeIgniter\CodeIgniter->runController(Object(App\Controllers\AdminController))
 8 SYSTEMPATH\CodeIgniter.php(354): CodeIgniter\CodeIgniter->handleRequest(null, Object(Config\Cache), false)
 9 SYSTEMPATH\Boot.php(363): CodeIgniter\CodeIgniter->run()
10 SYSTEMPATH\Boot.php(68): CodeIgniter\Boot::runCodeIgniter(Object(CodeIgniter\CodeIgniter))
11 FCPATH\index.php(59): CodeIgniter\Boot::bootWeb(Object(Config\Paths))
12 SYSTEMPATH\rewrite.php(44): require_once('C:\\xampp\\htdocs\\barangay_system\\barangay_system\\public\\index.php')
DEBUG - 2025-10-30 18:43:36 --> Session: Class initialized using 'CodeIgniter\Session\Handlers\FileHandler' driver.
CRITICAL - 2025-10-30 18:43:36 --> ErrorException: Undefined variable $requests
[Method: GET, Route: admin/certification]
in APPPATH\Views\modules\manage_certification.php on line 87.
 1 APPPATH\Views\modules\manage_certification.php(87): CodeIgniter\Debug\Exceptions->errorHandler(2, 'Undefined variable $requests', 'C:\\xampp\\htdocs\\barangay_system\\barangay_system\\app\\Views\\modules\\manage_certification.php', 87)
 2 SYSTEMPATH\View\View.php(226): include('C:\\xampp\\htdocs\\barangay_system\\barangay_system\\app\\Views\\modules\\manage_certification.php')
 3 SYSTEMPATH\View\View.php(229): CodeIgniter\View\View->CodeIgniter\View\{closure}()
 4 SYSTEMPATH\Common.php(1167): CodeIgniter\View\View->render('modules/manage_certification', [], true)
 5 APPPATH\Controllers\AdminController.php(85): view('modules/manage_certification')
 6 SYSTEMPATH\CodeIgniter.php(933): App\Controllers\AdminController->certification()
 7 SYSTEMPATH\CodeIgniter.php(507): CodeIgniter\CodeIgniter->runController(Object(App\Controllers\AdminController))
 8 SYSTEMPATH\CodeIgniter.php(354): CodeIgniter\CodeIgniter->handleRequest(null, Object(Config\Cache), false)
 9 SYSTEMPATH\Boot.php(363): CodeIgniter\CodeIgniter->run()
10 SYSTEMPATH\Boot.php(68): CodeIgniter\Boot::runCodeIgniter(Object(CodeIgniter\CodeIgniter))
11 FCPATH\index.php(59): CodeIgniter\Boot::bootWeb(Object(Config\Paths))
12 SYSTEMPATH\rewrite.php(44): require_once('C:\\xampp\\htdocs\\barangay_system\\barangay_system\\public\\index.php')
DEBUG - 2025-10-30 18:43:36 --> Session: Class initialized using 'CodeIgniter\Session\Handlers\FileHandler' driver.
CRITICAL - 2025-10-30 18:43:36 --> ErrorException: Undefined variable $requests
[Method: GET, Route: admin/certification]
in APPPATH\Views\modules\manage_certification.php on line 87.
 1 APPPATH\Views\modules\manage_certification.php(87): CodeIgniter\Debug\Exceptions->errorHandler(2, 'Undefined variable $requests', 'C:\\xampp\\htdocs\\barangay_system\\barangay_system\\app\\Views\\modules\\manage_certification.php', 87)
 2 SYSTEMPATH\View\View.php(226): include('C:\\xampp\\htdocs\\barangay_system\\barangay_system\\app\\Views\\modules\\manage_certification.php')
 3 SYSTEMPATH\View\View.php(229): CodeIgniter\View\View->CodeIgniter\View\{closure}()
 4 SYSTEMPATH\Common.php(1167): CodeIgniter\View\View->render('modules/manage_certification', [], true)
 5 APPPATH\Controllers\AdminController.php(85): view('modules/manage_certification')
 6 SYSTEMPATH\CodeIgniter.php(933): App\Controllers\AdminController->certification()
 7 SYSTEMPATH\CodeIgniter.php(507): CodeIgniter\CodeIgniter->runController(Object(App\Controllers\AdminController))
 8 SYSTEMPATH\CodeIgniter.php(354): CodeIgniter\CodeIgniter->handleRequest(null, Object(Config\Cache), false)
 9 SYSTEMPATH\Boot.php(363): CodeIgniter\CodeIgniter->run()
10 SYSTEMPATH\Boot.php(68): CodeIgniter\Boot::runCodeIgniter(Object(CodeIgniter\CodeIgniter))
11 FCPATH\index.php(59): CodeIgniter\Boot::bootWeb(Object(Config\Paths))
12 SYSTEMPATH\rewrite.php(44): require_once('C:\\xampp\\htdocs\\barangay_system\\barangay_system\\public\\index.php')
DEBUG - 2025-10-30 18:43:36 --> Session: Class initialized using 'CodeIgniter\Session\Handlers\FileHandler' driver.
CRITICAL - 2025-10-30 18:43:36 --> ErrorException: Undefined variable $requests
[Method: GET, Route: admin/certification]
in APPPATH\Views\modules\manage_certification.php on line 87.
 1 APPPATH\Views\modules\manage_certification.php(87): CodeIgniter\Debug\Exceptions->errorHandler(2, 'Undefined variable $requests', 'C:\\xampp\\htdocs\\barangay_system\\barangay_system\\app\\Views\\modules\\manage_certification.php', 87)
 2 SYSTEMPATH\View\View.php(226): include('C:\\xampp\\htdocs\\barangay_system\\barangay_system\\app\\Views\\modules\\manage_certification.php')
 3 SYSTEMPATH\View\View.php(229): CodeIgniter\View\View->CodeIgniter\View\{closure}()
 4 SYSTEMPATH\Common.php(1167): CodeIgniter\View\View->render('modules/manage_certification', [], true)
 5 APPPATH\Controllers\AdminController.php(85): view('modules/manage_certification')
 6 SYSTEMPATH\CodeIgniter.php(933): App\Controllers\AdminController->certification()
 7 SYSTEMPATH\CodeIgniter.php(507): CodeIgniter\CodeIgniter->runController(Object(App\Controllers\AdminController))
 8 SYSTEMPATH\CodeIgniter.php(354): CodeIgniter\CodeIgniter->handleRequest(null, Object(Config\Cache), false)
 9 SYSTEMPATH\Boot.php(363): CodeIgniter\CodeIgniter->run()
10 SYSTEMPATH\Boot.php(68): CodeIgniter\Boot::runCodeIgniter(Object(CodeIgniter\CodeIgniter))
11 FCPATH\index.php(59): CodeIgniter\Boot::bootWeb(Object(Config\Paths))
12 SYSTEMPATH\rewrite.php(44): require_once('C:\\xampp\\htdocs\\barangay_system\\barangay_system\\public\\index.php')
DEBUG - 2025-10-30 18:43:37 --> Session: Class initialized using 'CodeIgniter\Session\Handlers\FileHandler' driver.
CRITICAL - 2025-10-30 18:43:37 --> ErrorException: Undefined variable $requests
[Method: GET, Route: admin/certification]
in APPPATH\Views\modules\manage_certification.php on line 87.
 1 APPPATH\Views\modules\manage_certification.php(87): CodeIgniter\Debug\Exceptions->errorHandler(2, 'Undefined variable $requests', 'C:\\xampp\\htdocs\\barangay_system\\barangay_system\\app\\Views\\modules\\manage_certification.php', 87)
 2 SYSTEMPATH\View\View.php(226): include('C:\\xampp\\htdocs\\barangay_system\\barangay_system\\app\\Views\\modules\\manage_certification.php')
 3 SYSTEMPATH\View\View.php(229): CodeIgniter\View\View->CodeIgniter\View\{closure}()
 4 SYSTEMPATH\Common.php(1167): CodeIgniter\View\View->render('modules/manage_certification', [], true)
 5 APPPATH\Controllers\AdminController.php(85): view('modules/manage_certification')
 6 SYSTEMPATH\CodeIgniter.php(933): App\Controllers\AdminController->certification()
 7 SYSTEMPATH\CodeIgniter.php(507): CodeIgniter\CodeIgniter->runController(Object(App\Controllers\AdminController))
 8 SYSTEMPATH\CodeIgniter.php(354): CodeIgniter\CodeIgniter->handleRequest(null, Object(Config\Cache), false)
 9 SYSTEMPATH\Boot.php(363): CodeIgniter\CodeIgniter->run()
10 SYSTEMPATH\Boot.php(68): CodeIgniter\Boot::runCodeIgniter(Object(CodeIgniter\CodeIgniter))
11 FCPATH\index.php(59): CodeIgniter\Boot::bootWeb(Object(Config\Paths))
12 SYSTEMPATH\rewrite.php(44): require_once('C:\\xampp\\htdocs\\barangay_system\\barangay_system\\public\\index.php')
CRITICAL - 2025-10-30 18:44:31 --> Error: Class "App\Controllers\Controller" not found
[Method: GET, Route: admin/certification/view/1]
in APPPATH\Controllers\CertificationController.php on line 8.
 1 SYSTEMPATH\Autoloader\Autoloader.php(315): include_once()
 2 SYSTEMPATH\Autoloader\Autoloader.php(295): CodeIgniter\Autoloader\Autoloader->includeFile('C:\\xampp\\htdocs\\barangay_system\\barangay_system\\app\\Controllers\\CertificationController.php')
 3 SYSTEMPATH\Autoloader\Autoloader.php(271): CodeIgniter\Autoloader\Autoloader->loadInNamespace('App\\Controllers\\CertificationController')
 4 [internal function]: CodeIgniter\Autoloader\Autoloader->loadClass('App\\Controllers\\CertificationController')
 5 SYSTEMPATH\CodeIgniter.php(885): class_exists('\\App\\Controllers\\CertificationController', true)
 6 SYSTEMPATH\CodeIgniter.php(494): CodeIgniter\CodeIgniter->startController()
 7 SYSTEMPATH\CodeIgniter.php(354): CodeIgniter\CodeIgniter->handleRequest(null, Object(Config\Cache), false)
 8 SYSTEMPATH\Boot.php(363): CodeIgniter\CodeIgniter->run()
 9 SYSTEMPATH\Boot.php(68): CodeIgniter\Boot::runCodeIgniter(Object(CodeIgniter\CodeIgniter))
10 FCPATH\index.php(59): CodeIgniter\Boot::bootWeb(Object(Config\Paths))
11 SYSTEMPATH\rewrite.php(44): require_once('C:\\xampp\\htdocs\\barangay_system\\barangay_system\\public\\index.php')
DEBUG - 2025-10-30 18:44:50 --> Session: Class initialized using 'CodeIgniter\Session\Handlers\FileHandler' driver.
CRITICAL - 2025-10-30 18:47:31 --> ErrorException: Undefined variable $requests
[Method: GET, Route: admin/certification]
in APPPATH\Views\modules\manage_certification.php on line 79.
 1 APPPATH\Views\modules\manage_certification.php(79): CodeIgniter\Debug\Exceptions->errorHandler(2, 'Undefined variable $requests', 'C:\\xampp\\htdocs\\barangay_system\\barangay_system\\app\\Views\\modules\\manage_certification.php', 79)
 2 SYSTEMPATH\View\View.php(226): include('C:\\xampp\\htdocs\\barangay_system\\barangay_system\\app\\Views\\modules\\manage_certification.php')
 3 SYSTEMPATH\View\View.php(229): CodeIgniter\View\View->CodeIgniter\View\{closure}()
 4 SYSTEMPATH\Common.php(1167): CodeIgniter\View\View->render('modules/manage_certification', [], true)
 5 APPPATH\Controllers\AdminController.php(85): view('modules/manage_certification')
 6 SYSTEMPATH\CodeIgniter.php(933): App\Controllers\AdminController->certification()
 7 SYSTEMPATH\CodeIgniter.php(507): CodeIgniter\CodeIgniter->runController(Object(App\Controllers\AdminController))
 8 SYSTEMPATH\CodeIgniter.php(354): CodeIgniter\CodeIgniter->handleRequest(null, Object(Config\Cache), false)
 9 SYSTEMPATH\Boot.php(363): CodeIgniter\CodeIgniter->run()
10 SYSTEMPATH\Boot.php(68): CodeIgniter\Boot::runCodeIgniter(Object(CodeIgniter\CodeIgniter))
11 FCPATH\index.php(59): CodeIgniter\Boot::bootWeb(Object(Config\Paths))
12 SYSTEMPATH\rewrite.php(44): require_once('C:\\xampp\\htdocs\\barangay_system\\barangay_system\\public\\index.php')
CRITICAL - 2025-10-30 18:51:35 --> ErrorException: Undefined variable $requests
[Method: GET, Route: admin/certification]
in APPPATH\Views\modules\manage_certification.php on line 79.
 1 APPPATH\Views\modules\manage_certification.php(79): CodeIgniter\Debug\Exceptions->errorHandler(2, 'Undefined variable $requests', 'C:\\xampp\\htdocs\\barangay_system\\barangay_system\\app\\Views\\modules\\manage_certification.php', 79)
 2 SYSTEMPATH\View\View.php(226): include('C:\\xampp\\htdocs\\barangay_system\\barangay_system\\app\\Views\\modules\\manage_certification.php')
 3 SYSTEMPATH\View\View.php(229): CodeIgniter\View\View->CodeIgniter\View\{closure}()
 4 SYSTEMPATH\Common.php(1167): CodeIgniter\View\View->render('modules/manage_certification', [], true)
 5 APPPATH\Controllers\AdminController.php(85): view('modules/manage_certification')
 6 SYSTEMPATH\CodeIgniter.php(933): App\Controllers\AdminController->certification()
 7 SYSTEMPATH\CodeIgniter.php(507): CodeIgniter\CodeIgniter->runController(Object(App\Controllers\AdminController))
 8 SYSTEMPATH\CodeIgniter.php(354): CodeIgniter\CodeIgniter->handleRequest(null, Object(Config\Cache), false)
 9 SYSTEMPATH\Boot.php(363): CodeIgniter\CodeIgniter->run()
10 SYSTEMPATH\Boot.php(68): CodeIgniter\Boot::runCodeIgniter(Object(CodeIgniter\CodeIgniter))
11 FCPATH\index.php(59): CodeIgniter\Boot::bootWeb(Object(Config\Paths))
12 SYSTEMPATH\rewrite.php(44): require_once('C:\\xampp\\htdocs\\barangay_system\\barangay_system\\public\\index.php')
CRITICAL - 2025-10-30 18:51:38 --> ErrorException: Undefined variable $requests
[Method: GET, Route: admin/certification]
in APPPATH\Views\modules\manage_certification.php on line 79.
 1 APPPATH\Views\modules\manage_certification.php(79): CodeIgniter\Debug\Exceptions->errorHandler(2, 'Undefined variable $requests', 'C:\\xampp\\htdocs\\barangay_system\\barangay_system\\app\\Views\\modules\\manage_certification.php', 79)
 2 SYSTEMPATH\View\View.php(226): include('C:\\xampp\\htdocs\\barangay_system\\barangay_system\\app\\Views\\modules\\manage_certification.php')
 3 SYSTEMPATH\View\View.php(229): CodeIgniter\View\View->CodeIgniter\View\{closure}()
 4 SYSTEMPATH\Common.php(1167): CodeIgniter\View\View->render('modules/manage_certification', [], true)
 5 APPPATH\Controllers\AdminController.php(85): view('modules/manage_certification')
 6 SYSTEMPATH\CodeIgniter.php(933): App\Controllers\AdminController->certification()
 7 SYSTEMPATH\CodeIgniter.php(507): CodeIgniter\CodeIgniter->runController(Object(App\Controllers\AdminController))
 8 SYSTEMPATH\CodeIgniter.php(354): CodeIgniter\CodeIgniter->handleRequest(null, Object(Config\Cache), false)
 9 SYSTEMPATH\Boot.php(363): CodeIgniter\CodeIgniter->run()
10 SYSTEMPATH\Boot.php(68): CodeIgniter\Boot::runCodeIgniter(Object(CodeIgniter\CodeIgniter))
11 FCPATH\index.php(59): CodeIgniter\Boot::bootWeb(Object(Config\Paths))
12 SYSTEMPATH\rewrite.php(44): require_once('C:\\xampp\\htdocs\\barangay_system\\barangay_system\\public\\index.php')
CRITICAL - 2025-10-30 18:52:08 --> CodeIgniter\View\Exceptions\ViewException: Invalid file: "modules/manage_certification.php"
[Method: GET, Route: admin/certification]
in SYSTEMPATH\Exceptions\FrameworkException.php on line 39.
 1 SYSTEMPATH\View\View.php(214): CodeIgniter\Exceptions\FrameworkException::forInvalidFile('modules/manage_certification.php')
 2 SYSTEMPATH\Common.php(1167): CodeIgniter\View\View->render('modules/manage_certification', [], true)
 3 APPPATH\Controllers\AdminController.php(85): view('modules/manage_certification')
 4 SYSTEMPATH\CodeIgniter.php(933): App\Controllers\AdminController->certification()
 5 SYSTEMPATH\CodeIgniter.php(507): CodeIgniter\CodeIgniter->runController(Object(App\Controllers\AdminController))
 6 SYSTEMPATH\CodeIgniter.php(354): CodeIgniter\CodeIgniter->handleRequest(null, Object(Config\Cache), false)
 7 SYSTEMPATH\Boot.php(363): CodeIgniter\CodeIgniter->run()
 8 SYSTEMPATH\Boot.php(68): CodeIgniter\Boot::runCodeIgniter(Object(CodeIgniter\CodeIgniter))
 9 FCPATH\index.php(59): CodeIgniter\Boot::bootWeb(Object(Config\Paths))
10 SYSTEMPATH\rewrite.php(44): require_once('C:\\xampp\\htdocs\\barangay_system\\barangay_system\\public\\index.php')
DEBUG - 2025-10-30 18:52:11 --> Session: Class initialized using 'CodeIgniter\Session\Handlers\FileHandler' driver.
DEBUG - 2025-10-30 18:52:12 --> Session: Class initialized using 'CodeIgniter\Session\Handlers\FileHandler' driver.
DEBUG - 2025-10-30 18:52:26 --> Session: Class initialized using 'CodeIgniter\Session\Handlers\FileHandler' driver.
DEBUG - 2025-10-30 18:52:29 --> Session: Class initialized using 'CodeIgniter\Session\Handlers\FileHandler' driver.
DEBUG - 2025-10-30 18:52:34 --> Session: Class initialized using 'CodeIgniter\Session\Handlers\FileHandler' driver.
DEBUG - 2025-10-30 18:52:34 --> Session: Class initialized using 'CodeIgniter\Session\Handlers\FileHandler' driver.
